<?xml version="1.0" encoding="UTF-8"?>
<!-- Generated by org.testng.reporters.JUnitXMLReporter -->
<testsuite ignored="14" hostname="Maginthans-MacBook-Pro.local" failures="0" tests="14" name="ChromeTest" time="166.985" errors="0" timestamp="2024-03-27T00:53:05 IST">
  <testcase classname="test.BrokenURLValidationTest" name="TC_001_URLValidation" time="0.458"/>
  <testcase classname="test.HomePageMiddleTitlesTest" name="TC_002_HomePageMiddleTitlesTest" time="0.163"/>
  <testcase classname="test.OneWayTest" name="TC_003_OneWayTest" time="24.111"/>
  <testcase classname="test.RoundTripTest" name="TC_004_RoundTripTest" time="24.012"/>
  <testcase classname="test.LoginTest" name="TC_005_LoginTest" time="8.502"/>
  <testcase classname="test.LoginTest" name="TC_005_LoginTest" time="3.458"/>
  <testcase classname="test.LoginTest" name="TC_005_LoginTest" time="3.149"/>
  <testcase classname="test.LoginTest" name="TC_005_LoginTest" time="3.296"/>
  <testcase classname="test.LoginTest" name="TC_005_LoginTest" time="2.278"/>
  <testcase classname="test.LoginTest" name="TC_005_LoginTest" time="1.546"/>
  <testcase classname="test.LoginTest" name="TC_005_LoginTest" time="1.367"/>
  <testcase classname="test.HomePageTopTitlesTest" name="TC_006_HomePageTopTitlesTest" time="0.277"/>
  <testcase classname="test.SignInTestPositive" name="TC_007_SignInTest_Positive" time="4.215"/>
  <testcase classname="test.SignInTestNegative" name="TC_008_SignInTest_Negative" time="3.456"/>
  <testcase classname="base.ProjectSpecificationMethod" name="@AfterSuite generateExtentReports" time="0.0">
    <ignored/>
  </testcase> <!-- @AfterSuite generateExtentReports -->
  <testcase classname="base.ProjectSpecificationMethod" name="@BeforeSuite reportInitialisation" time="0.0">
    <ignored/>
  </testcase> <!-- @BeforeSuite reportInitialisation -->
  <testcase classname="base.ProjectSpecificationMethod" name="@AfterSuite generateExtentReports" time="0.0">
    <ignored/>
  </testcase> <!-- @AfterSuite generateExtentReports -->
  <testcase classname="base.ProjectSpecificationMethod" name="@BeforeSuite reportInitialisation" time="0.0">
    <ignored/>
  </testcase> <!-- @BeforeSuite reportInitialisation -->
  <testcase classname="base.ProjectSpecificationMethod" name="@AfterSuite generateExtentReports" time="0.0">
    <ignored/>
  </testcase> <!-- @AfterSuite generateExtentReports -->
  <testcase classname="base.ProjectSpecificationMethod" name="@BeforeSuite reportInitialisation" time="0.0">
    <ignored/>
  </testcase> <!-- @BeforeSuite reportInitialisation -->
  <testcase classname="base.ProjectSpecificationMethod" name="@AfterSuite generateExtentReports" time="0.0">
    <ignored/>
  </testcase> <!-- @AfterSuite generateExtentReports -->
  <testcase classname="base.ProjectSpecificationMethod" name="@BeforeSuite reportInitialisation" time="0.0">
    <ignored/>
  </testcase> <!-- @BeforeSuite reportInitialisation -->
  <testcase classname="base.ProjectSpecificationMethod" name="@BeforeSuite reportInitialisation" time="0.0">
    <ignored/>
  </testcase> <!-- @BeforeSuite reportInitialisation -->
  <testcase classname="base.ProjectSpecificationMethod" name="@BeforeSuite reportInitialisation" time="0.0">
    <ignored/>
  </testcase> <!-- @BeforeSuite reportInitialisation -->
  <testcase classname="base.ProjectSpecificationMethod" name="@AfterSuite generateExtentReports" time="0.0">
    <ignored/>
  </testcase> <!-- @AfterSuite generateExtentReports -->
  <testcase classname="base.ProjectSpecificationMethod" name="@AfterSuite generateExtentReports" time="0.0">
    <ignored/>
  </testcase> <!-- @AfterSuite generateExtentReports -->
  <testcase classname="base.ProjectSpecificationMethod" name="@BeforeSuite reportInitialisation" time="0.0">
    <ignored/>
  </testcase> <!-- @BeforeSuite reportInitialisation -->
  <testcase classname="base.ProjectSpecificationMethod" name="@AfterSuite generateExtentReports" time="0.0">
    <ignored/>
  </testcase> <!-- @AfterSuite generateExtentReports -->
</testsuite> <!-- ChromeTest -->
