<?xml version="1.0" encoding="UTF-8"?>
<!-- Generated by org.testng.reporters.JUnitXMLReporter -->
<testsuite ignored="14" hostname="Maginthans-MacBook-Pro.local" failures="0" tests="14" name="FirefoxTest" time="318.882" errors="0" timestamp="2024-03-26T17:51:32 IST">
  <testcase classname="test.BrokenURLValidationTest" name="TC_001_URLValidation" time="0.091"/>
  <testcase classname="test.HomePageMiddleTitlesTest" name="TC_002_HomePageMiddleTitlesTest" time="0.153"/>
  <testcase classname="test.OneWayTest" name="TC_003_OneWayTest" time="44.518"/>
  <testcase classname="test.HomePageTopTitlesTest" name="TC_006_HomePageTopTitlesTest" time="0.442"/>
  <testcase classname="test.RoundTripTest" name="TC_004_RoundTripTest" time="139.814"/>
  <testcase classname="test.LoginTest" name="TC_005_LoginTest" time="5.232"/>
  <testcase classname="test.LoginTest" name="TC_005_LoginTest" time="3.676"/>
  <testcase classname="test.LoginTest" name="TC_005_LoginTest" time="3.615"/>
  <testcase classname="test.LoginTest" name="TC_005_LoginTest" time="3.717"/>
  <testcase classname="test.LoginTest" name="TC_005_LoginTest" time="2.834"/>
  <testcase classname="test.LoginTest" name="TC_005_LoginTest" time="2.359"/>
  <testcase classname="test.LoginTest" name="TC_005_LoginTest" time="2.067"/>
  <testcase classname="test.SignInTestPositive" name="TC_007_SignInTest_Positive" time="4.534"/>
  <testcase classname="test.SignInTestNegative" name="TC_008_SignInTest_Negative" time="11.783"/>
  <testcase classname="base.ProjectSpecificationMethod" name="@BeforeSuite reportInitialisation" time="0.0">
    <ignored/>
  </testcase> <!-- @BeforeSuite reportInitialisation -->
  <testcase classname="base.ProjectSpecificationMethod" name="@AfterSuite generateExtentReports" time="0.0">
    <ignored/>
  </testcase> <!-- @AfterSuite generateExtentReports -->
  <testcase classname="base.ProjectSpecificationMethod" name="@AfterSuite generateExtentReports" time="0.0">
    <ignored/>
  </testcase> <!-- @AfterSuite generateExtentReports -->
  <testcase classname="base.ProjectSpecificationMethod" name="@AfterSuite generateExtentReports" time="0.0">
    <ignored/>
  </testcase> <!-- @AfterSuite generateExtentReports -->
  <testcase classname="base.ProjectSpecificationMethod" name="@BeforeSuite reportInitialisation" time="0.0">
    <ignored/>
  </testcase> <!-- @BeforeSuite reportInitialisation -->
  <testcase classname="base.ProjectSpecificationMethod" name="@AfterSuite generateExtentReports" time="0.0">
    <ignored/>
  </testcase> <!-- @AfterSuite generateExtentReports -->
  <testcase classname="base.ProjectSpecificationMethod" name="@BeforeSuite reportInitialisation" time="0.0">
    <ignored/>
  </testcase> <!-- @BeforeSuite reportInitialisation -->
  <testcase classname="base.ProjectSpecificationMethod" name="@AfterSuite generateExtentReports" time="0.0">
    <ignored/>
  </testcase> <!-- @AfterSuite generateExtentReports -->
  <testcase classname="base.ProjectSpecificationMethod" name="@AfterSuite generateExtentReports" time="0.0">
    <ignored/>
  </testcase> <!-- @AfterSuite generateExtentReports -->
  <testcase classname="base.ProjectSpecificationMethod" name="@BeforeSuite reportInitialisation" time="0.0">
    <ignored/>
  </testcase> <!-- @BeforeSuite reportInitialisation -->
  <testcase classname="base.ProjectSpecificationMethod" name="@BeforeSuite reportInitialisation" time="0.0">
    <ignored/>
  </testcase> <!-- @BeforeSuite reportInitialisation -->
  <testcase classname="base.ProjectSpecificationMethod" name="@BeforeSuite reportInitialisation" time="0.0">
    <ignored/>
  </testcase> <!-- @BeforeSuite reportInitialisation -->
  <testcase classname="base.ProjectSpecificationMethod" name="@AfterSuite generateExtentReports" time="0.0">
    <ignored/>
  </testcase> <!-- @AfterSuite generateExtentReports -->
  <testcase classname="base.ProjectSpecificationMethod" name="@BeforeSuite reportInitialisation" time="0.0">
    <ignored/>
  </testcase> <!-- @BeforeSuite reportInitialisation -->
</testsuite> <!-- FirefoxTest -->
