<?xml version="1.0" encoding="UTF-8"?>
<!-- Generated by org.testng.reporters.JUnitXMLReporter -->
<testsuite ignored="14" hostname="Maginthans-MacBook-Pro.local" failures="0" tests="14" name="ChromeTest" time="191.171" errors="0" timestamp="2024-03-26T17:36:08 IST">
  <testcase classname="test.BrokenURLValidationTest" name="TC_001_URLValidation" time="0.266"/>
  <testcase classname="test.HomePageMiddleTitlesTest" name="TC_002_HomePageMiddleTitlesTest" time="0.193"/>
  <testcase classname="test.OneWayTest" name="TC_003_OneWayTest" time="26.524"/>
  <testcase classname="test.HomePageTopTitlesTest" name="TC_006_HomePageTopTitlesTest" time="0.503"/>
  <testcase classname="test.RoundTripTest" name="TC_004_RoundTripTest" time="27.355"/>
  <testcase classname="test.LoginTest" name="TC_005_LoginTest" time="5.033"/>
  <testcase classname="test.LoginTest" name="TC_005_LoginTest" time="3.559"/>
  <testcase classname="test.LoginTest" name="TC_005_LoginTest" time="3.654"/>
  <testcase classname="test.LoginTest" name="TC_005_LoginTest" time="3.591"/>
  <testcase classname="test.LoginTest" name="TC_005_LoginTest" time="2.074"/>
  <testcase classname="test.LoginTest" name="TC_005_LoginTest" time="1.317"/>
  <testcase classname="test.LoginTest" name="TC_005_LoginTest" time="2.886"/>
  <testcase classname="test.SignInTestPositive" name="TC_007_SignInTest_Positive" time="6.304"/>
  <testcase classname="test.SignInTestNegative" name="TC_008_SignInTest_Negative" time="2.553"/>
  <testcase classname="base.ProjectSpecificationMethod" name="@AfterSuite generateExtentReports" time="0.0">
    <ignored/>
  </testcase> <!-- @AfterSuite generateExtentReports -->
  <testcase classname="base.ProjectSpecificationMethod" name="@AfterSuite generateExtentReports" time="0.0">
    <ignored/>
  </testcase> <!-- @AfterSuite generateExtentReports -->
  <testcase classname="base.ProjectSpecificationMethod" name="@BeforeSuite reportInitialisation" time="0.0">
    <ignored/>
  </testcase> <!-- @BeforeSuite reportInitialisation -->
  <testcase classname="base.ProjectSpecificationMethod" name="@BeforeSuite reportInitialisation" time="0.0">
    <ignored/>
  </testcase> <!-- @BeforeSuite reportInitialisation -->
  <testcase classname="base.ProjectSpecificationMethod" name="@BeforeSuite reportInitialisation" time="0.0">
    <ignored/>
  </testcase> <!-- @BeforeSuite reportInitialisation -->
  <testcase classname="base.ProjectSpecificationMethod" name="@AfterSuite generateExtentReports" time="0.0">
    <ignored/>
  </testcase> <!-- @AfterSuite generateExtentReports -->
  <testcase classname="base.ProjectSpecificationMethod" name="@BeforeSuite reportInitialisation" time="0.0">
    <ignored/>
  </testcase> <!-- @BeforeSuite reportInitialisation -->
  <testcase classname="base.ProjectSpecificationMethod" name="@BeforeSuite reportInitialisation" time="0.0">
    <ignored/>
  </testcase> <!-- @BeforeSuite reportInitialisation -->
  <testcase classname="base.ProjectSpecificationMethod" name="@AfterSuite generateExtentReports" time="0.0">
    <ignored/>
  </testcase> <!-- @AfterSuite generateExtentReports -->
  <testcase classname="base.ProjectSpecificationMethod" name="@AfterSuite generateExtentReports" time="0.0">
    <ignored/>
  </testcase> <!-- @AfterSuite generateExtentReports -->
  <testcase classname="base.ProjectSpecificationMethod" name="@BeforeSuite reportInitialisation" time="0.0">
    <ignored/>
  </testcase> <!-- @BeforeSuite reportInitialisation -->
  <testcase classname="base.ProjectSpecificationMethod" name="@AfterSuite generateExtentReports" time="0.0">
    <ignored/>
  </testcase> <!-- @AfterSuite generateExtentReports -->
  <testcase classname="base.ProjectSpecificationMethod" name="@AfterSuite generateExtentReports" time="0.0">
    <ignored/>
  </testcase> <!-- @AfterSuite generateExtentReports -->
  <testcase classname="base.ProjectSpecificationMethod" name="@BeforeSuite reportInitialisation" time="0.0">
    <ignored/>
  </testcase> <!-- @BeforeSuite reportInitialisation -->
</testsuite> <!-- ChromeTest -->
