<?xml version="1.0" encoding="UTF-8"?>
<testng-results ignored="0" total="15" passed="15" failed="0" skipped="0">
  <reporter-output>
  </reporter-output>
  <suite started-at="2024-03-26T17:32:56 IST" name="Suite" finished-at="2024-03-26T17:36:08 IST" duration-ms="191171">
    <groups>
    </groups>
    <test started-at="2024-03-26T17:32:56 IST" name="ChromeTest" finished-at="2024-03-26T17:36:08 IST" duration-ms="191171">
      <class name="test.SignInTestNegative">
        <test-method is-config="true" signature="extentTestSetup()[pri:0, instance:test.SignInTestNegative@957e06]" started-at="2024-03-26T17:32:56 IST" name="extentTestSetup" finished-at="2024-03-26T17:32:56 IST" duration-ms="0" status="PASS">
          <reporter-output>
          </reporter-output>
        </test-method> <!-- extentTestSetup -->
        <test-method is-config="true" signature="createExtentTest()[pri:0, instance:test.SignInTestNegative@957e06]" started-at="2024-03-26T17:35:58 IST" name="createExtentTest" finished-at="2024-03-26T17:35:58 IST" duration-ms="0" status="PASS">
          <reporter-output>
          </reporter-output>
        </test-method> <!-- createExtentTest -->
        <test-method is-config="true" signature="browserLaunch(java.lang.String,java.lang.String)[pri:0, instance:test.SignInTestNegative@957e06]" started-at="2024-03-26T17:35:58 IST" name="browserLaunch" finished-at="2024-03-26T17:36:05 IST" duration-ms="7312" status="PASS">
          <params>
            <param index="0">
              <value>
                <![CDATA[Chrome]]>
              </value>
            </param>
            <param index="1">
              <value>
                <![CDATA[https://www.spicejet.com/]]>
              </value>
            </param>
          </params>
          <reporter-output>
          </reporter-output>
        </test-method> <!-- browserLaunch -->
        <test-method signature="TC_008_SignInTest_Negative()[pri:0, instance:test.SignInTestNegative@957e06]" started-at="2024-03-26T17:36:05 IST" name="TC_008_SignInTest_Negative" finished-at="2024-03-26T17:36:07 IST" duration-ms="2553" status="PASS">
          <reporter-output>
          </reporter-output>
        </test-method> <!-- TC_008_SignInTest_Negative -->
        <test-method is-config="true" signature="browserClose()[pri:0, instance:test.SignInTestNegative@957e06]" started-at="2024-03-26T17:36:07 IST" name="browserClose" finished-at="2024-03-26T17:36:08 IST" duration-ms="80" status="PASS">
          <reporter-output>
          </reporter-output>
        </test-method> <!-- browserClose -->
      </class> <!-- test.SignInTestNegative -->
      <class name="test.LoginTest">
        <test-method is-config="true" signature="extentTestSetup()[pri:0, instance:test.LoginTest@729d991e]" started-at="2024-03-26T17:32:56 IST" name="extentTestSetup" finished-at="2024-03-26T17:32:56 IST" duration-ms="0" status="PASS">
          <reporter-output>
          </reporter-output>
        </test-method> <!-- extentTestSetup -->
        <test-method is-config="true" signature="createExtentTest()[pri:0, instance:test.LoginTest@729d991e]" started-at="2024-03-26T17:34:29 IST" name="createExtentTest" finished-at="2024-03-26T17:34:29 IST" duration-ms="0" status="PASS">
          <reporter-output>
          </reporter-output>
        </test-method> <!-- createExtentTest -->
        <test-method is-config="true" signature="browserLaunch(java.lang.String,java.lang.String)[pri:0, instance:test.LoginTest@729d991e]" started-at="2024-03-26T17:34:29 IST" name="browserLaunch" finished-at="2024-03-26T17:34:36 IST" duration-ms="7046" status="PASS">
          <params>
            <param index="0">
              <value>
                <![CDATA[Chrome]]>
              </value>
            </param>
            <param index="1">
              <value>
                <![CDATA[https://www.spicejet.com/]]>
              </value>
            </param>
          </params>
          <reporter-output>
          </reporter-output>
        </test-method> <!-- browserLaunch -->
        <test-method signature="TC_005_LoginTest(java.lang.String,java.lang.String,java.lang.String,java.lang.String)[pri:0, instance:test.LoginTest@729d991e]" started-at="2024-03-26T17:34:36 IST" name="TC_005_LoginTest" data-provider="ReadfromExcel" finished-at="2024-03-26T17:34:41 IST" duration-ms="5033" status="PASS">
          <params>
            <param index="0">
              <value>
                <![CDATA[magtestuser14@gmail.com]]>
              </value>
            </param>
            <param index="1">
              <value>
                <![CDATA[Happy@1415]]>
              </value>
            </param>
            <param index="2">
              <value>
                <![CDATA[bothCorrect]]>
              </value>
            </param>
            <param index="3">
              <value>
                <![CDATA[Positive_Con_1]]>
              </value>
            </param>
          </params>
          <reporter-output>
          </reporter-output>
        </test-method> <!-- TC_005_LoginTest -->
        <test-method is-config="true" signature="browserClose()[pri:0, instance:test.LoginTest@729d991e]" started-at="2024-03-26T17:34:41 IST" name="browserClose" finished-at="2024-03-26T17:34:42 IST" duration-ms="153" status="PASS">
          <reporter-output>
          </reporter-output>
        </test-method> <!-- browserClose -->
        <test-method is-config="true" signature="browserLaunch(java.lang.String,java.lang.String)[pri:0, instance:test.LoginTest@729d991e]" started-at="2024-03-26T17:34:42 IST" name="browserLaunch" finished-at="2024-03-26T17:34:49 IST" duration-ms="7368" status="PASS">
          <params>
            <param index="0">
              <value>
                <![CDATA[Chrome]]>
              </value>
            </param>
            <param index="1">
              <value>
                <![CDATA[https://www.spicejet.com/]]>
              </value>
            </param>
          </params>
          <reporter-output>
          </reporter-output>
        </test-method> <!-- browserLaunch -->
        <test-method signature="TC_005_LoginTest(java.lang.String,java.lang.String,java.lang.String,java.lang.String)[pri:0, instance:test.LoginTest@729d991e]" started-at="2024-03-26T17:34:49 IST" name="TC_005_LoginTest" data-provider="ReadfromExcel" finished-at="2024-03-26T17:34:52 IST" duration-ms="3559" status="PASS">
          <params>
            <param index="0">
              <value>
                <![CDATA[magtestuser14@gmail.com]]>
              </value>
            </param>
            <param index="1">
              <value>
                <![CDATA[Password123]]>
              </value>
            </param>
            <param index="2">
              <value>
                <![CDATA[wrongPassword]]>
              </value>
            </param>
            <param index="3">
              <value>
                <![CDATA[Positive_Con_2]]>
              </value>
            </param>
          </params>
          <reporter-output>
          </reporter-output>
        </test-method> <!-- TC_005_LoginTest -->
        <test-method is-config="true" signature="browserClose()[pri:0, instance:test.LoginTest@729d991e]" started-at="2024-03-26T17:34:52 IST" name="browserClose" finished-at="2024-03-26T17:34:53 IST" duration-ms="125" status="PASS">
          <reporter-output>
          </reporter-output>
        </test-method> <!-- browserClose -->
        <test-method is-config="true" signature="browserLaunch(java.lang.String,java.lang.String)[pri:0, instance:test.LoginTest@729d991e]" started-at="2024-03-26T17:34:53 IST" name="browserLaunch" finished-at="2024-03-26T17:35:00 IST" duration-ms="7074" status="PASS">
          <params>
            <param index="0">
              <value>
                <![CDATA[Chrome]]>
              </value>
            </param>
            <param index="1">
              <value>
                <![CDATA[https://www.spicejet.com/]]>
              </value>
            </param>
          </params>
          <reporter-output>
          </reporter-output>
        </test-method> <!-- browserLaunch -->
        <test-method signature="TC_005_LoginTest(java.lang.String,java.lang.String,java.lang.String,java.lang.String)[pri:0, instance:test.LoginTest@729d991e]" started-at="2024-03-26T17:35:00 IST" name="TC_005_LoginTest" data-provider="ReadfromExcel" finished-at="2024-03-26T17:35:03 IST" duration-ms="3654" status="PASS">
          <params>
            <param index="0">
              <value>
                <![CDATA[magtestuser156@gmail.com]]>
              </value>
            </param>
            <param index="1">
              <value>
                <![CDATA[Happy@1415]]>
              </value>
            </param>
            <param index="2">
              <value>
                <![CDATA[wrongUsername]]>
              </value>
            </param>
            <param index="3">
              <value>
                <![CDATA[Positive_Con_3]]>
              </value>
            </param>
          </params>
          <reporter-output>
          </reporter-output>
        </test-method> <!-- TC_005_LoginTest -->
        <test-method is-config="true" signature="browserClose()[pri:0, instance:test.LoginTest@729d991e]" started-at="2024-03-26T17:35:03 IST" name="browserClose" finished-at="2024-03-26T17:35:03 IST" duration-ms="129" status="PASS">
          <reporter-output>
          </reporter-output>
        </test-method> <!-- browserClose -->
        <test-method is-config="true" signature="browserLaunch(java.lang.String,java.lang.String)[pri:0, instance:test.LoginTest@729d991e]" started-at="2024-03-26T17:35:03 IST" name="browserLaunch" finished-at="2024-03-26T17:35:11 IST" duration-ms="7907" status="PASS">
          <params>
            <param index="0">
              <value>
                <![CDATA[Chrome]]>
              </value>
            </param>
            <param index="1">
              <value>
                <![CDATA[https://www.spicejet.com/]]>
              </value>
            </param>
          </params>
          <reporter-output>
          </reporter-output>
        </test-method> <!-- browserLaunch -->
        <test-method signature="TC_005_LoginTest(java.lang.String,java.lang.String,java.lang.String,java.lang.String)[pri:0, instance:test.LoginTest@729d991e]" started-at="2024-03-26T17:35:11 IST" name="TC_005_LoginTest" data-provider="ReadfromExcel" finished-at="2024-03-26T17:35:15 IST" duration-ms="3591" status="PASS">
          <params>
            <param index="0">
              <value>
                <![CDATA[magtestuser156@gmail.com]]>
              </value>
            </param>
            <param index="1">
              <value>
                <![CDATA[Password123]]>
              </value>
            </param>
            <param index="2">
              <value>
                <![CDATA[bothWrong]]>
              </value>
            </param>
            <param index="3">
              <value>
                <![CDATA[Positive_Con_4]]>
              </value>
            </param>
          </params>
          <reporter-output>
          </reporter-output>
        </test-method> <!-- TC_005_LoginTest -->
        <test-method is-config="true" signature="browserClose()[pri:0, instance:test.LoginTest@729d991e]" started-at="2024-03-26T17:35:15 IST" name="browserClose" finished-at="2024-03-26T17:35:15 IST" duration-ms="176" status="PASS">
          <reporter-output>
          </reporter-output>
        </test-method> <!-- browserClose -->
        <test-method is-config="true" signature="browserLaunch(java.lang.String,java.lang.String)[pri:0, instance:test.LoginTest@729d991e]" started-at="2024-03-26T17:35:15 IST" name="browserLaunch" finished-at="2024-03-26T17:35:22 IST" duration-ms="7384" status="PASS">
          <params>
            <param index="0">
              <value>
                <![CDATA[Chrome]]>
              </value>
            </param>
            <param index="1">
              <value>
                <![CDATA[https://www.spicejet.com/]]>
              </value>
            </param>
          </params>
          <reporter-output>
          </reporter-output>
        </test-method> <!-- browserLaunch -->
        <test-method signature="TC_005_LoginTest(java.lang.String,java.lang.String,java.lang.String,java.lang.String)[pri:0, instance:test.LoginTest@729d991e]" started-at="2024-03-26T17:35:22 IST" name="TC_005_LoginTest" data-provider="ReadfromExcel" finished-at="2024-03-26T17:35:25 IST" duration-ms="2074" status="PASS">
          <params>
            <param index="0">
              <value>
                <![CDATA[]]>
              </value>
            </param>
            <param index="1">
              <value>
                <![CDATA[Happy@1415]]>
              </value>
            </param>
            <param index="2">
              <value>
                <![CDATA[emptyMailID]]>
              </value>
            </param>
            <param index="3">
              <value>
                <![CDATA[Negative_Con_1]]>
              </value>
            </param>
          </params>
          <reporter-output>
          </reporter-output>
        </test-method> <!-- TC_005_LoginTest -->
        <test-method is-config="true" signature="browserClose()[pri:0, instance:test.LoginTest@729d991e]" started-at="2024-03-26T17:35:25 IST" name="browserClose" finished-at="2024-03-26T17:35:25 IST" duration-ms="126" status="PASS">
          <reporter-output>
          </reporter-output>
        </test-method> <!-- browserClose -->
        <test-method is-config="true" signature="browserLaunch(java.lang.String,java.lang.String)[pri:0, instance:test.LoginTest@729d991e]" started-at="2024-03-26T17:35:25 IST" name="browserLaunch" finished-at="2024-03-26T17:35:33 IST" duration-ms="7823" status="PASS">
          <params>
            <param index="0">
              <value>
                <![CDATA[Chrome]]>
              </value>
            </param>
            <param index="1">
              <value>
                <![CDATA[https://www.spicejet.com/]]>
              </value>
            </param>
          </params>
          <reporter-output>
          </reporter-output>
        </test-method> <!-- browserLaunch -->
        <test-method signature="TC_005_LoginTest(java.lang.String,java.lang.String,java.lang.String,java.lang.String)[pri:0, instance:test.LoginTest@729d991e]" started-at="2024-03-26T17:35:33 IST" name="TC_005_LoginTest" data-provider="ReadfromExcel" finished-at="2024-03-26T17:35:34 IST" duration-ms="1317" status="PASS">
          <params>
            <param index="0">
              <value>
                <![CDATA[magtestuser14@gmail.com]]>
              </value>
            </param>
            <param index="1">
              <value>
                <![CDATA[]]>
              </value>
            </param>
            <param index="2">
              <value>
                <![CDATA[emptyPassword]]>
              </value>
            </param>
            <param index="3">
              <value>
                <![CDATA[Negative_Con_2]]>
              </value>
            </param>
          </params>
          <reporter-output>
          </reporter-output>
        </test-method> <!-- TC_005_LoginTest -->
        <test-method is-config="true" signature="browserClose()[pri:0, instance:test.LoginTest@729d991e]" started-at="2024-03-26T17:35:34 IST" name="browserClose" finished-at="2024-03-26T17:35:34 IST" duration-ms="128" status="PASS">
          <reporter-output>
          </reporter-output>
        </test-method> <!-- browserClose -->
        <test-method is-config="true" signature="browserLaunch(java.lang.String,java.lang.String)[pri:0, instance:test.LoginTest@729d991e]" started-at="2024-03-26T17:35:34 IST" name="browserLaunch" finished-at="2024-03-26T17:35:41 IST" duration-ms="7156" status="PASS">
          <params>
            <param index="0">
              <value>
                <![CDATA[Chrome]]>
              </value>
            </param>
            <param index="1">
              <value>
                <![CDATA[https://www.spicejet.com/]]>
              </value>
            </param>
          </params>
          <reporter-output>
          </reporter-output>
        </test-method> <!-- browserLaunch -->
        <test-method signature="TC_005_LoginTest(java.lang.String,java.lang.String,java.lang.String,java.lang.String)[pri:0, instance:test.LoginTest@729d991e]" started-at="2024-03-26T17:35:41 IST" name="TC_005_LoginTest" data-provider="ReadfromExcel" finished-at="2024-03-26T17:35:44 IST" duration-ms="2886" status="PASS">
          <params>
            <param index="0">
              <value>
                <![CDATA[]]>
              </value>
            </param>
            <param index="1">
              <value>
                <![CDATA[]]>
              </value>
            </param>
            <param index="2">
              <value>
                <![CDATA[bothEmpty]]>
              </value>
            </param>
            <param index="3">
              <value>
                <![CDATA[Negative_Con_3]]>
              </value>
            </param>
          </params>
          <reporter-output>
          </reporter-output>
        </test-method> <!-- TC_005_LoginTest -->
        <test-method is-config="true" signature="browserClose()[pri:0, instance:test.LoginTest@729d991e]" started-at="2024-03-26T17:35:44 IST" name="browserClose" finished-at="2024-03-26T17:35:44 IST" duration-ms="121" status="PASS">
          <reporter-output>
          </reporter-output>
        </test-method> <!-- browserClose -->
      </class> <!-- test.LoginTest -->
      <class name="test.BrokenURLValidationTest">
        <test-method is-config="true" signature="reportInitialisation()[pri:0, instance:test.BrokenURLValidationTest@2ea41516]" started-at="2024-03-26T17:32:56 IST" name="reportInitialisation" finished-at="2024-03-26T17:32:56 IST" duration-ms="273" status="PASS">
          <reporter-output>
          </reporter-output>
        </test-method> <!-- reportInitialisation -->
        <test-method is-config="true" signature="fileSetup()[pri:0, instance:test.BrokenURLValidationTest@2ea41516]" started-at="2024-03-26T17:32:56 IST" name="fileSetup" finished-at="2024-03-26T17:32:56 IST" duration-ms="1" status="PASS">
          <reporter-output>
          </reporter-output>
        </test-method> <!-- fileSetup -->
        <test-method is-config="true" signature="createExtentTest()[pri:0, instance:test.BrokenURLValidationTest@2ea41516]" started-at="2024-03-26T17:32:56 IST" name="createExtentTest" finished-at="2024-03-26T17:32:56 IST" duration-ms="6" status="PASS">
          <reporter-output>
          </reporter-output>
        </test-method> <!-- createExtentTest -->
        <test-method is-config="true" signature="browserLaunch(java.lang.String,java.lang.String)[pri:0, instance:test.BrokenURLValidationTest@2ea41516]" started-at="2024-03-26T17:32:56 IST" name="browserLaunch" finished-at="2024-03-26T17:33:04 IST" duration-ms="7860" status="PASS">
          <params>
            <param index="0">
              <value>
                <![CDATA[Chrome]]>
              </value>
            </param>
            <param index="1">
              <value>
                <![CDATA[https://www.spicejet.com/]]>
              </value>
            </param>
          </params>
          <reporter-output>
          </reporter-output>
        </test-method> <!-- browserLaunch -->
        <test-method signature="TC_001_URLValidation(java.lang.String)[pri:0, instance:test.BrokenURLValidationTest@2ea41516]" started-at="2024-03-26T17:33:04 IST" name="TC_001_URLValidation" finished-at="2024-03-26T17:33:05 IST" duration-ms="266" status="PASS">
          <params>
            <param index="0">
              <value>
                <![CDATA[https://www.spicejet.com/]]>
              </value>
            </param>
          </params>
          <reporter-output>
          </reporter-output>
        </test-method> <!-- TC_001_URLValidation -->
        <test-method is-config="true" signature="browserClose()[pri:0, instance:test.BrokenURLValidationTest@2ea41516]" started-at="2024-03-26T17:33:05 IST" name="browserClose" finished-at="2024-03-26T17:33:05 IST" duration-ms="134" status="PASS">
          <reporter-output>
          </reporter-output>
        </test-method> <!-- browserClose -->
        <test-method is-config="true" signature="generateExtentReports()[pri:0, instance:test.BrokenURLValidationTest@2ea41516]" started-at="2024-03-26T17:36:08 IST" name="generateExtentReports" finished-at="2024-03-26T17:36:08 IST" duration-ms="281" status="PASS">
          <reporter-output>
          </reporter-output>
        </test-method> <!-- generateExtentReports -->
      </class> <!-- test.BrokenURLValidationTest -->
      <class name="test.OneWayTest">
        <test-method is-config="true" signature="extentTestSetup()[pri:0, instance:test.OneWayTest@6404f418]" started-at="2024-03-26T17:32:56 IST" name="extentTestSetup" finished-at="2024-03-26T17:32:56 IST" duration-ms="0" status="PASS">
          <reporter-output>
          </reporter-output>
        </test-method> <!-- extentTestSetup -->
        <test-method is-config="true" signature="createExtentTest()[pri:0, instance:test.OneWayTest@6404f418]" started-at="2024-03-26T17:33:12 IST" name="createExtentTest" finished-at="2024-03-26T17:33:12 IST" duration-ms="1" status="PASS">
          <reporter-output>
          </reporter-output>
        </test-method> <!-- createExtentTest -->
        <test-method is-config="true" signature="browserLaunch(java.lang.String,java.lang.String)[pri:0, instance:test.OneWayTest@6404f418]" started-at="2024-03-26T17:33:12 IST" name="browserLaunch" finished-at="2024-03-26T17:33:20 IST" duration-ms="7401" status="PASS">
          <params>
            <param index="0">
              <value>
                <![CDATA[Chrome]]>
              </value>
            </param>
            <param index="1">
              <value>
                <![CDATA[https://www.spicejet.com/]]>
              </value>
            </param>
          </params>
          <reporter-output>
          </reporter-output>
        </test-method> <!-- browserLaunch -->
        <test-method signature="TC_003_OneWayTest()[pri:0, instance:test.OneWayTest@6404f418]" started-at="2024-03-26T17:33:20 IST" name="TC_003_OneWayTest" finished-at="2024-03-26T17:33:46 IST" duration-ms="26524" status="PASS">
          <reporter-output>
          </reporter-output>
        </test-method> <!-- TC_003_OneWayTest -->
        <test-method is-config="true" signature="browserClose()[pri:0, instance:test.OneWayTest@6404f418]" started-at="2024-03-26T17:33:46 IST" name="browserClose" finished-at="2024-03-26T17:33:46 IST" duration-ms="124" status="PASS">
          <reporter-output>
          </reporter-output>
        </test-method> <!-- browserClose -->
      </class> <!-- test.OneWayTest -->
      <class name="test.HomePageMiddleTitlesTest">
        <test-method is-config="true" signature="extentTestSetup()[pri:0, instance:test.HomePageMiddleTitlesTest@316bcf94]" started-at="2024-03-26T17:32:56 IST" name="extentTestSetup" finished-at="2024-03-26T17:32:56 IST" duration-ms="0" status="PASS">
          <reporter-output>
          </reporter-output>
        </test-method> <!-- extentTestSetup -->
        <test-method is-config="true" signature="createExtentTest()[pri:0, instance:test.HomePageMiddleTitlesTest@316bcf94]" started-at="2024-03-26T17:33:05 IST" name="createExtentTest" finished-at="2024-03-26T17:33:05 IST" duration-ms="1" status="PASS">
          <reporter-output>
          </reporter-output>
        </test-method> <!-- createExtentTest -->
        <test-method is-config="true" signature="browserLaunch(java.lang.String,java.lang.String)[pri:0, instance:test.HomePageMiddleTitlesTest@316bcf94]" started-at="2024-03-26T17:33:05 IST" name="browserLaunch" finished-at="2024-03-26T17:33:12 IST" duration-ms="7126" status="PASS">
          <params>
            <param index="0">
              <value>
                <![CDATA[Chrome]]>
              </value>
            </param>
            <param index="1">
              <value>
                <![CDATA[https://www.spicejet.com/]]>
              </value>
            </param>
          </params>
          <reporter-output>
          </reporter-output>
        </test-method> <!-- browserLaunch -->
        <test-method signature="TC_002_HomePageMiddleTitlesTest()[pri:0, instance:test.HomePageMiddleTitlesTest@316bcf94]" started-at="2024-03-26T17:33:12 IST" name="TC_002_HomePageMiddleTitlesTest" finished-at="2024-03-26T17:33:12 IST" duration-ms="193" status="PASS">
          <reporter-output>
          </reporter-output>
        </test-method> <!-- TC_002_HomePageMiddleTitlesTest -->
        <test-method is-config="true" signature="browserClose()[pri:0, instance:test.HomePageMiddleTitlesTest@316bcf94]" started-at="2024-03-26T17:33:12 IST" name="browserClose" finished-at="2024-03-26T17:33:12 IST" duration-ms="133" status="PASS">
          <reporter-output>
          </reporter-output>
        </test-method> <!-- browserClose -->
      </class> <!-- test.HomePageMiddleTitlesTest -->
      <class name="test.SignInTestPositive">
        <test-method is-config="true" signature="extentTestSetup()[pri:0, instance:test.SignInTestPositive@31fa1761]" started-at="2024-03-26T17:32:56 IST" name="extentTestSetup" finished-at="2024-03-26T17:32:56 IST" duration-ms="0" status="PASS">
          <reporter-output>
          </reporter-output>
        </test-method> <!-- extentTestSetup -->
        <test-method is-config="true" signature="createExtentTest()[pri:0, instance:test.SignInTestPositive@31fa1761]" started-at="2024-03-26T17:35:44 IST" name="createExtentTest" finished-at="2024-03-26T17:35:44 IST" duration-ms="0" status="PASS">
          <reporter-output>
          </reporter-output>
        </test-method> <!-- createExtentTest -->
        <test-method is-config="true" signature="browserLaunch(java.lang.String,java.lang.String)[pri:0, instance:test.SignInTestPositive@31fa1761]" started-at="2024-03-26T17:35:44 IST" name="browserLaunch" finished-at="2024-03-26T17:35:51 IST" duration-ms="7023" status="PASS">
          <params>
            <param index="0">
              <value>
                <![CDATA[Chrome]]>
              </value>
            </param>
            <param index="1">
              <value>
                <![CDATA[https://www.spicejet.com/]]>
              </value>
            </param>
          </params>
          <reporter-output>
          </reporter-output>
        </test-method> <!-- browserLaunch -->
        <test-method signature="TC_007_SignInTest_Positive()[pri:0, instance:test.SignInTestPositive@31fa1761]" started-at="2024-03-26T17:35:51 IST" name="TC_007_SignInTest_Positive" finished-at="2024-03-26T17:35:57 IST" duration-ms="6304" status="PASS">
          <reporter-output>
          </reporter-output>
        </test-method> <!-- TC_007_SignInTest_Positive -->
        <test-method is-config="true" signature="browserClose()[pri:0, instance:test.SignInTestPositive@31fa1761]" started-at="2024-03-26T17:35:57 IST" name="browserClose" finished-at="2024-03-26T17:35:58 IST" duration-ms="114" status="PASS">
          <reporter-output>
          </reporter-output>
        </test-method> <!-- browserClose -->
      </class> <!-- test.SignInTestPositive -->
      <class name="test.RoundTripTest">
        <test-method is-config="true" signature="extentTestSetup()[pri:0, instance:test.RoundTripTest@1de5f259]" started-at="2024-03-26T17:32:56 IST" name="extentTestSetup" finished-at="2024-03-26T17:32:56 IST" duration-ms="1" status="PASS">
          <reporter-output>
          </reporter-output>
        </test-method> <!-- extentTestSetup -->
        <test-method is-config="true" signature="createExtentTest()[pri:0, instance:test.RoundTripTest@1de5f259]" started-at="2024-03-26T17:33:54 IST" name="createExtentTest" finished-at="2024-03-26T17:33:54 IST" duration-ms="0" status="PASS">
          <reporter-output>
          </reporter-output>
        </test-method> <!-- createExtentTest -->
        <test-method is-config="true" signature="browserLaunch(java.lang.String,java.lang.String)[pri:0, instance:test.RoundTripTest@1de5f259]" started-at="2024-03-26T17:33:54 IST" name="browserLaunch" finished-at="2024-03-26T17:34:01 IST" duration-ms="7141" status="PASS">
          <params>
            <param index="0">
              <value>
                <![CDATA[Chrome]]>
              </value>
            </param>
            <param index="1">
              <value>
                <![CDATA[https://www.spicejet.com/]]>
              </value>
            </param>
          </params>
          <reporter-output>
          </reporter-output>
        </test-method> <!-- browserLaunch -->
        <test-method signature="TC_004_RoundTripTest()[pri:0, instance:test.RoundTripTest@1de5f259]" started-at="2024-03-26T17:34:01 IST" name="TC_004_RoundTripTest" finished-at="2024-03-26T17:34:28 IST" duration-ms="27355" status="PASS">
          <reporter-output>
          </reporter-output>
        </test-method> <!-- TC_004_RoundTripTest -->
        <test-method is-config="true" signature="browserClose()[pri:0, instance:test.RoundTripTest@1de5f259]" started-at="2024-03-26T17:34:28 IST" name="browserClose" finished-at="2024-03-26T17:34:29 IST" duration-ms="116" status="PASS">
          <reporter-output>
          </reporter-output>
        </test-method> <!-- browserClose -->
      </class> <!-- test.RoundTripTest -->
      <class name="test.HomePageTopTitlesTest">
        <test-method is-config="true" signature="extentTestSetup()[pri:0, instance:test.HomePageTopTitlesTest@3e11f9e9]" started-at="2024-03-26T17:32:56 IST" name="extentTestSetup" finished-at="2024-03-26T17:32:56 IST" duration-ms="1" status="PASS">
          <reporter-output>
          </reporter-output>
        </test-method> <!-- extentTestSetup -->
        <test-method is-config="true" signature="createExtentTest()[pri:0, instance:test.HomePageTopTitlesTest@3e11f9e9]" started-at="2024-03-26T17:33:46 IST" name="createExtentTest" finished-at="2024-03-26T17:33:46 IST" duration-ms="1" status="PASS">
          <reporter-output>
          </reporter-output>
        </test-method> <!-- createExtentTest -->
        <test-method is-config="true" signature="browserLaunch(java.lang.String,java.lang.String)[pri:0, instance:test.HomePageTopTitlesTest@3e11f9e9]" started-at="2024-03-26T17:33:46 IST" name="browserLaunch" finished-at="2024-03-26T17:33:53 IST" duration-ms="7134" status="PASS">
          <params>
            <param index="0">
              <value>
                <![CDATA[Chrome]]>
              </value>
            </param>
            <param index="1">
              <value>
                <![CDATA[https://www.spicejet.com/]]>
              </value>
            </param>
          </params>
          <reporter-output>
          </reporter-output>
        </test-method> <!-- browserLaunch -->
        <test-method signature="TC_006_HomePageTopTitlesTest()[pri:0, instance:test.HomePageTopTitlesTest@3e11f9e9]" started-at="2024-03-26T17:33:53 IST" name="TC_006_HomePageTopTitlesTest" finished-at="2024-03-26T17:33:54 IST" duration-ms="503" status="PASS">
          <reporter-output>
          </reporter-output>
        </test-method> <!-- TC_006_HomePageTopTitlesTest -->
        <test-method is-config="true" signature="browserClose()[pri:0, instance:test.HomePageTopTitlesTest@3e11f9e9]" started-at="2024-03-26T17:33:54 IST" name="browserClose" finished-at="2024-03-26T17:33:54 IST" duration-ms="139" status="PASS">
          <reporter-output>
          </reporter-output>
        </test-method> <!-- browserClose -->
      </class> <!-- test.HomePageTopTitlesTest -->
    </test> <!-- ChromeTest -->
  </suite> <!-- Suite -->
  <suite started-at="2024-03-26T17:36:08 IST" name="Suite (0)" finished-at="2024-03-26T17:36:16 IST" duration-ms="8270">
    <groups>
    </groups>
    <test started-at="2024-03-26T17:36:08 IST" name="Test" finished-at="2024-03-26T17:36:16 IST" duration-ms="8270">
      <class name="test.BrokenURLValidationTest">
        <test-method is-config="true" signature="reportInitialisation()[pri:0, instance:test.BrokenURLValidationTest@3f6f6701]" started-at="2024-03-26T17:36:08 IST" name="reportInitialisation" finished-at="2024-03-26T17:36:08 IST" duration-ms="0" status="PASS">
          <reporter-output>
          </reporter-output>
        </test-method> <!-- reportInitialisation -->
        <test-method is-config="true" signature="createExtentTest()[pri:0, instance:test.BrokenURLValidationTest@3f6f6701]" started-at="2024-03-26T17:36:08 IST" name="createExtentTest" finished-at="2024-03-26T17:36:08 IST" duration-ms="0" status="PASS">
          <reporter-output>
          </reporter-output>
        </test-method> <!-- createExtentTest -->
        <test-method is-config="true" signature="fileSetup()[pri:0, instance:test.BrokenURLValidationTest@3f6f6701]" started-at="2024-03-26T17:36:08 IST" name="fileSetup" finished-at="2024-03-26T17:36:08 IST" duration-ms="0" status="PASS">
          <reporter-output>
          </reporter-output>
        </test-method> <!-- fileSetup -->
        <test-method is-config="true" signature="browserLaunch(java.lang.String,java.lang.String)[pri:0, instance:test.BrokenURLValidationTest@3f6f6701]" started-at="2024-03-26T17:36:08 IST" name="browserLaunch" finished-at="2024-03-26T17:36:15 IST" duration-ms="7237" status="PASS">
          <params>
            <param index="0">
              <value>
                <![CDATA[Firefox]]>
              </value>
            </param>
            <param index="1">
              <value>
                <![CDATA[https://www.spicejet.com/]]>
              </value>
            </param>
          </params>
          <reporter-output>
          </reporter-output>
        </test-method> <!-- browserLaunch -->
        <test-method signature="TC_001_URLValidation(java.lang.String)[pri:0, instance:test.BrokenURLValidationTest@3f6f6701]" started-at="2024-03-26T17:36:15 IST" name="TC_001_URLValidation" finished-at="2024-03-26T17:36:15 IST" duration-ms="103" status="PASS">
          <params>
            <param index="0">
              <value>
                <![CDATA[https://www.spicejet.com/]]>
              </value>
            </param>
          </params>
          <reporter-output>
          </reporter-output>
        </test-method> <!-- TC_001_URLValidation -->
        <test-method is-config="true" signature="browserClose()[pri:0, instance:test.BrokenURLValidationTest@3f6f6701]" started-at="2024-03-26T17:36:15 IST" name="browserClose" finished-at="2024-03-26T17:36:16 IST" duration-ms="927" status="PASS">
          <reporter-output>
          </reporter-output>
        </test-method> <!-- browserClose -->
        <test-method is-config="true" signature="generateExtentReports()[pri:0, instance:test.BrokenURLValidationTest@3f6f6701]" started-at="2024-03-26T17:36:16 IST" name="generateExtentReports" finished-at="2024-03-26T17:36:16 IST" duration-ms="53" status="PASS">
          <reporter-output>
          </reporter-output>
        </test-method> <!-- generateExtentReports -->
      </class> <!-- test.BrokenURLValidationTest -->
    </test> <!-- Test -->
  </suite> <!-- Suite (0) -->
</testng-results>
