<?xml version="1.0" encoding="UTF-8"?>
<testng-results ignored="0" total="14" passed="14" failed="0" skipped="0">
  <reporter-output>
  </reporter-output>
  <suite started-at="2024-03-26T21:26:32 IST" name="Suite" finished-at="2024-03-26T21:29:17 IST" duration-ms="165292">
    <groups>
    </groups>
    <test started-at="2024-03-26T21:26:32 IST" name="ChromeTest" finished-at="2024-03-26T21:29:17 IST" duration-ms="165292">
      <class name="test.SignInTestNegative">
        <test-method is-config="true" signature="extentTestSetup()[pri:0, instance:test.SignInTestNegative@451001e5]" started-at="2024-03-26T21:26:32 IST" name="extentTestSetup" finished-at="2024-03-26T21:26:32 IST" duration-ms="0" status="PASS">
          <reporter-output>
          </reporter-output>
        </test-method> <!-- extentTestSetup -->
        <test-method is-config="true" signature="createExtentTest()[pri:0, instance:test.SignInTestNegative@451001e5]" started-at="2024-03-26T21:29:07 IST" name="createExtentTest" finished-at="2024-03-26T21:29:07 IST" duration-ms="1" status="PASS">
          <reporter-output>
          </reporter-output>
        </test-method> <!-- createExtentTest -->
        <test-method is-config="true" signature="browserLaunch(java.lang.String,java.lang.String)[pri:0, instance:test.SignInTestNegative@451001e5]" started-at="2024-03-26T21:29:07 IST" name="browserLaunch" finished-at="2024-03-26T21:29:14 IST" duration-ms="6382" status="PASS">
          <params>
            <param index="0">
              <value>
                <![CDATA[Chrome]]>
              </value>
            </param>
            <param index="1">
              <value>
                <![CDATA[https://www.spicejet.com/]]>
              </value>
            </param>
          </params>
          <reporter-output>
          </reporter-output>
        </test-method> <!-- browserLaunch -->
        <test-method signature="TC_008_SignInTest_Negative()[pri:0, instance:test.SignInTestNegative@451001e5]" started-at="2024-03-26T21:29:14 IST" name="TC_008_SignInTest_Negative" finished-at="2024-03-26T21:29:17 IST" duration-ms="3169" status="PASS">
          <reporter-output>
          </reporter-output>
        </test-method> <!-- TC_008_SignInTest_Negative -->
        <test-method is-config="true" signature="browserClose()[pri:0, instance:test.SignInTestNegative@451001e5]" started-at="2024-03-26T21:29:17 IST" name="browserClose" finished-at="2024-03-26T21:29:17 IST" duration-ms="104" status="PASS">
          <reporter-output>
          </reporter-output>
        </test-method> <!-- browserClose -->
      </class> <!-- test.SignInTestNegative -->
      <class name="test.LoginTest">
        <test-method is-config="true" signature="extentTestSetup()[pri:0, instance:test.LoginTest@183ec003]" started-at="2024-03-26T21:26:32 IST" name="extentTestSetup" finished-at="2024-03-26T21:26:32 IST" duration-ms="0" status="PASS">
          <reporter-output>
          </reporter-output>
        </test-method> <!-- extentTestSetup -->
        <test-method is-config="true" signature="createExtentTest()[pri:0, instance:test.LoginTest@183ec003]" started-at="2024-03-26T21:27:48 IST" name="createExtentTest" finished-at="2024-03-26T21:27:48 IST" duration-ms="0" status="PASS">
          <reporter-output>
          </reporter-output>
        </test-method> <!-- createExtentTest -->
        <test-method is-config="true" signature="browserLaunch(java.lang.String,java.lang.String)[pri:0, instance:test.LoginTest@183ec003]" started-at="2024-03-26T21:27:49 IST" name="browserLaunch" finished-at="2024-03-26T21:27:55 IST" duration-ms="5995" status="PASS">
          <params>
            <param index="0">
              <value>
                <![CDATA[Chrome]]>
              </value>
            </param>
            <param index="1">
              <value>
                <![CDATA[https://www.spicejet.com/]]>
              </value>
            </param>
          </params>
          <reporter-output>
          </reporter-output>
        </test-method> <!-- browserLaunch -->
        <test-method signature="TC_005_LoginTest(java.lang.String,java.lang.String,java.lang.String,java.lang.String)[pri:0, instance:test.LoginTest@183ec003]" started-at="2024-03-26T21:27:55 IST" name="TC_005_LoginTest" data-provider="ReadfromExcel" finished-at="2024-03-26T21:28:00 IST" duration-ms="5429" status="PASS">
          <params>
            <param index="0">
              <value>
                <![CDATA[magtestuser14@gmail.com]]>
              </value>
            </param>
            <param index="1">
              <value>
                <![CDATA[Happy@1415]]>
              </value>
            </param>
            <param index="2">
              <value>
                <![CDATA[bothCorrect]]>
              </value>
            </param>
            <param index="3">
              <value>
                <![CDATA[Positive_Con_1]]>
              </value>
            </param>
          </params>
          <reporter-output>
          </reporter-output>
        </test-method> <!-- TC_005_LoginTest -->
        <test-method is-config="true" signature="browserClose()[pri:0, instance:test.LoginTest@183ec003]" started-at="2024-03-26T21:28:00 IST" name="browserClose" finished-at="2024-03-26T21:28:00 IST" duration-ms="119" status="PASS">
          <reporter-output>
          </reporter-output>
        </test-method> <!-- browserClose -->
        <test-method is-config="true" signature="browserLaunch(java.lang.String,java.lang.String)[pri:0, instance:test.LoginTest@183ec003]" started-at="2024-03-26T21:28:00 IST" name="browserLaunch" finished-at="2024-03-26T21:28:06 IST" duration-ms="5707" status="PASS">
          <params>
            <param index="0">
              <value>
                <![CDATA[Chrome]]>
              </value>
            </param>
            <param index="1">
              <value>
                <![CDATA[https://www.spicejet.com/]]>
              </value>
            </param>
          </params>
          <reporter-output>
          </reporter-output>
        </test-method> <!-- browserLaunch -->
        <test-method signature="TC_005_LoginTest(java.lang.String,java.lang.String,java.lang.String,java.lang.String)[pri:0, instance:test.LoginTest@183ec003]" started-at="2024-03-26T21:28:06 IST" name="TC_005_LoginTest" data-provider="ReadfromExcel" finished-at="2024-03-26T21:28:09 IST" duration-ms="3272" status="PASS">
          <params>
            <param index="0">
              <value>
                <![CDATA[magtestuser14@gmail.com]]>
              </value>
            </param>
            <param index="1">
              <value>
                <![CDATA[Password123]]>
              </value>
            </param>
            <param index="2">
              <value>
                <![CDATA[wrongPassword]]>
              </value>
            </param>
            <param index="3">
              <value>
                <![CDATA[Positive_Con_2]]>
              </value>
            </param>
          </params>
          <reporter-output>
          </reporter-output>
        </test-method> <!-- TC_005_LoginTest -->
        <test-method is-config="true" signature="browserClose()[pri:0, instance:test.LoginTest@183ec003]" started-at="2024-03-26T21:28:09 IST" name="browserClose" finished-at="2024-03-26T21:28:09 IST" duration-ms="136" status="PASS">
          <reporter-output>
          </reporter-output>
        </test-method> <!-- browserClose -->
        <test-method is-config="true" signature="browserLaunch(java.lang.String,java.lang.String)[pri:0, instance:test.LoginTest@183ec003]" started-at="2024-03-26T21:28:09 IST" name="browserLaunch" finished-at="2024-03-26T21:28:15 IST" duration-ms="5673" status="PASS">
          <params>
            <param index="0">
              <value>
                <![CDATA[Chrome]]>
              </value>
            </param>
            <param index="1">
              <value>
                <![CDATA[https://www.spicejet.com/]]>
              </value>
            </param>
          </params>
          <reporter-output>
          </reporter-output>
        </test-method> <!-- browserLaunch -->
        <test-method signature="TC_005_LoginTest(java.lang.String,java.lang.String,java.lang.String,java.lang.String)[pri:0, instance:test.LoginTest@183ec003]" started-at="2024-03-26T21:28:15 IST" name="TC_005_LoginTest" data-provider="ReadfromExcel" finished-at="2024-03-26T21:28:18 IST" duration-ms="3291" status="PASS">
          <params>
            <param index="0">
              <value>
                <![CDATA[magtestuser156@gmail.com]]>
              </value>
            </param>
            <param index="1">
              <value>
                <![CDATA[Happy@1415]]>
              </value>
            </param>
            <param index="2">
              <value>
                <![CDATA[wrongUsername]]>
              </value>
            </param>
            <param index="3">
              <value>
                <![CDATA[Positive_Con_3]]>
              </value>
            </param>
          </params>
          <reporter-output>
          </reporter-output>
        </test-method> <!-- TC_005_LoginTest -->
        <test-method is-config="true" signature="browserClose()[pri:0, instance:test.LoginTest@183ec003]" started-at="2024-03-26T21:28:18 IST" name="browserClose" finished-at="2024-03-26T21:28:18 IST" duration-ms="115" status="PASS">
          <reporter-output>
          </reporter-output>
        </test-method> <!-- browserClose -->
        <test-method is-config="true" signature="browserLaunch(java.lang.String,java.lang.String)[pri:0, instance:test.LoginTest@183ec003]" started-at="2024-03-26T21:28:18 IST" name="browserLaunch" finished-at="2024-03-26T21:28:24 IST" duration-ms="5850" status="PASS">
          <params>
            <param index="0">
              <value>
                <![CDATA[Chrome]]>
              </value>
            </param>
            <param index="1">
              <value>
                <![CDATA[https://www.spicejet.com/]]>
              </value>
            </param>
          </params>
          <reporter-output>
          </reporter-output>
        </test-method> <!-- browserLaunch -->
        <test-method signature="TC_005_LoginTest(java.lang.String,java.lang.String,java.lang.String,java.lang.String)[pri:0, instance:test.LoginTest@183ec003]" started-at="2024-03-26T21:28:24 IST" name="TC_005_LoginTest" data-provider="ReadfromExcel" finished-at="2024-03-26T21:28:28 IST" duration-ms="3464" status="PASS">
          <params>
            <param index="0">
              <value>
                <![CDATA[magtestuser156@gmail.com]]>
              </value>
            </param>
            <param index="1">
              <value>
                <![CDATA[Password123]]>
              </value>
            </param>
            <param index="2">
              <value>
                <![CDATA[bothWrong]]>
              </value>
            </param>
            <param index="3">
              <value>
                <![CDATA[Positive_Con_4]]>
              </value>
            </param>
          </params>
          <reporter-output>
          </reporter-output>
        </test-method> <!-- TC_005_LoginTest -->
        <test-method is-config="true" signature="browserClose()[pri:0, instance:test.LoginTest@183ec003]" started-at="2024-03-26T21:28:28 IST" name="browserClose" finished-at="2024-03-26T21:28:28 IST" duration-ms="125" status="PASS">
          <reporter-output>
          </reporter-output>
        </test-method> <!-- browserClose -->
        <test-method is-config="true" signature="browserLaunch(java.lang.String,java.lang.String)[pri:0, instance:test.LoginTest@183ec003]" started-at="2024-03-26T21:28:28 IST" name="browserLaunch" finished-at="2024-03-26T21:28:34 IST" duration-ms="6014" status="PASS">
          <params>
            <param index="0">
              <value>
                <![CDATA[Chrome]]>
              </value>
            </param>
            <param index="1">
              <value>
                <![CDATA[https://www.spicejet.com/]]>
              </value>
            </param>
          </params>
          <reporter-output>
          </reporter-output>
        </test-method> <!-- browserLaunch -->
        <test-method signature="TC_005_LoginTest(java.lang.String,java.lang.String,java.lang.String,java.lang.String)[pri:0, instance:test.LoginTest@183ec003]" started-at="2024-03-26T21:28:34 IST" name="TC_005_LoginTest" data-provider="ReadfromExcel" finished-at="2024-03-26T21:28:36 IST" duration-ms="2286" status="PASS">
          <params>
            <param index="0">
              <value>
                <![CDATA[]]>
              </value>
            </param>
            <param index="1">
              <value>
                <![CDATA[Happy@1415]]>
              </value>
            </param>
            <param index="2">
              <value>
                <![CDATA[emptyMailID]]>
              </value>
            </param>
            <param index="3">
              <value>
                <![CDATA[Negative_Con_1]]>
              </value>
            </param>
          </params>
          <reporter-output>
          </reporter-output>
        </test-method> <!-- TC_005_LoginTest -->
        <test-method is-config="true" signature="browserClose()[pri:0, instance:test.LoginTest@183ec003]" started-at="2024-03-26T21:28:36 IST" name="browserClose" finished-at="2024-03-26T21:28:36 IST" duration-ms="128" status="PASS">
          <reporter-output>
          </reporter-output>
        </test-method> <!-- browserClose -->
        <test-method is-config="true" signature="browserLaunch(java.lang.String,java.lang.String)[pri:0, instance:test.LoginTest@183ec003]" started-at="2024-03-26T21:28:36 IST" name="browserLaunch" finished-at="2024-03-26T21:28:42 IST" duration-ms="5771" status="PASS">
          <params>
            <param index="0">
              <value>
                <![CDATA[Chrome]]>
              </value>
            </param>
            <param index="1">
              <value>
                <![CDATA[https://www.spicejet.com/]]>
              </value>
            </param>
          </params>
          <reporter-output>
          </reporter-output>
        </test-method> <!-- browserLaunch -->
        <test-method signature="TC_005_LoginTest(java.lang.String,java.lang.String,java.lang.String,java.lang.String)[pri:0, instance:test.LoginTest@183ec003]" started-at="2024-03-26T21:28:42 IST" name="TC_005_LoginTest" data-provider="ReadfromExcel" finished-at="2024-03-26T21:28:44 IST" duration-ms="1547" status="PASS">
          <params>
            <param index="0">
              <value>
                <![CDATA[magtestuser14@gmail.com]]>
              </value>
            </param>
            <param index="1">
              <value>
                <![CDATA[]]>
              </value>
            </param>
            <param index="2">
              <value>
                <![CDATA[emptyPassword]]>
              </value>
            </param>
            <param index="3">
              <value>
                <![CDATA[Negative_Con_2]]>
              </value>
            </param>
          </params>
          <reporter-output>
          </reporter-output>
        </test-method> <!-- TC_005_LoginTest -->
        <test-method is-config="true" signature="browserClose()[pri:0, instance:test.LoginTest@183ec003]" started-at="2024-03-26T21:28:44 IST" name="browserClose" finished-at="2024-03-26T21:28:44 IST" duration-ms="128" status="PASS">
          <reporter-output>
          </reporter-output>
        </test-method> <!-- browserClose -->
        <test-method is-config="true" signature="browserLaunch(java.lang.String,java.lang.String)[pri:0, instance:test.LoginTest@183ec003]" started-at="2024-03-26T21:28:44 IST" name="browserLaunch" finished-at="2024-03-26T21:28:50 IST" duration-ms="5917" status="PASS">
          <params>
            <param index="0">
              <value>
                <![CDATA[Chrome]]>
              </value>
            </param>
            <param index="1">
              <value>
                <![CDATA[https://www.spicejet.com/]]>
              </value>
            </param>
          </params>
          <reporter-output>
          </reporter-output>
        </test-method> <!-- browserLaunch -->
        <test-method signature="TC_005_LoginTest(java.lang.String,java.lang.String,java.lang.String,java.lang.String)[pri:0, instance:test.LoginTest@183ec003]" started-at="2024-03-26T21:28:50 IST" name="TC_005_LoginTest" data-provider="ReadfromExcel" finished-at="2024-03-26T21:28:51 IST" duration-ms="1364" status="PASS">
          <params>
            <param index="0">
              <value>
                <![CDATA[]]>
              </value>
            </param>
            <param index="1">
              <value>
                <![CDATA[]]>
              </value>
            </param>
            <param index="2">
              <value>
                <![CDATA[bothEmpty]]>
              </value>
            </param>
            <param index="3">
              <value>
                <![CDATA[Negative_Con_3]]>
              </value>
            </param>
          </params>
          <reporter-output>
          </reporter-output>
        </test-method> <!-- TC_005_LoginTest -->
        <test-method is-config="true" signature="browserClose()[pri:0, instance:test.LoginTest@183ec003]" started-at="2024-03-26T21:28:51 IST" name="browserClose" finished-at="2024-03-26T21:28:51 IST" duration-ms="173" status="PASS">
          <reporter-output>
          </reporter-output>
        </test-method> <!-- browserClose -->
      </class> <!-- test.LoginTest -->
      <class name="test.BrokenURLValidationTest">
        <test-method is-config="true" signature="reportInitialisation()[pri:0, instance:test.BrokenURLValidationTest@7ce69770]" started-at="2024-03-26T21:26:32 IST" name="reportInitialisation" finished-at="2024-03-26T21:26:32 IST" duration-ms="207" status="PASS">
          <reporter-output>
          </reporter-output>
        </test-method> <!-- reportInitialisation -->
        <test-method is-config="true" signature="fileSetup()[pri:0, instance:test.BrokenURLValidationTest@7ce69770]" started-at="2024-03-26T21:26:32 IST" name="fileSetup" finished-at="2024-03-26T21:26:32 IST" duration-ms="0" status="PASS">
          <reporter-output>
          </reporter-output>
        </test-method> <!-- fileSetup -->
        <test-method is-config="true" signature="createExtentTest()[pri:0, instance:test.BrokenURLValidationTest@7ce69770]" started-at="2024-03-26T21:26:32 IST" name="createExtentTest" finished-at="2024-03-26T21:26:32 IST" duration-ms="6" status="PASS">
          <reporter-output>
          </reporter-output>
        </test-method> <!-- createExtentTest -->
        <test-method is-config="true" signature="browserLaunch(java.lang.String,java.lang.String)[pri:0, instance:test.BrokenURLValidationTest@7ce69770]" started-at="2024-03-26T21:26:32 IST" name="browserLaunch" finished-at="2024-03-26T21:26:38 IST" duration-ms="6565" status="PASS">
          <params>
            <param index="0">
              <value>
                <![CDATA[Chrome]]>
              </value>
            </param>
            <param index="1">
              <value>
                <![CDATA[https://www.spicejet.com/]]>
              </value>
            </param>
          </params>
          <reporter-output>
          </reporter-output>
        </test-method> <!-- browserLaunch -->
        <test-method signature="TC_001_URLValidation(java.lang.String)[pri:0, instance:test.BrokenURLValidationTest@7ce69770]" started-at="2024-03-26T21:26:38 IST" name="TC_001_URLValidation" finished-at="2024-03-26T21:26:39 IST" duration-ms="242" status="PASS">
          <params>
            <param index="0">
              <value>
                <![CDATA[https://www.spicejet.com/]]>
              </value>
            </param>
          </params>
          <reporter-output>
          </reporter-output>
        </test-method> <!-- TC_001_URLValidation -->
        <test-method is-config="true" signature="browserClose()[pri:0, instance:test.BrokenURLValidationTest@7ce69770]" started-at="2024-03-26T21:26:39 IST" name="browserClose" finished-at="2024-03-26T21:26:39 IST" duration-ms="136" status="PASS">
          <reporter-output>
          </reporter-output>
        </test-method> <!-- browserClose -->
        <test-method is-config="true" signature="generateExtentReports()[pri:0, instance:test.BrokenURLValidationTest@7ce69770]" started-at="2024-03-26T21:29:17 IST" name="generateExtentReports" finished-at="2024-03-26T21:29:17 IST" duration-ms="216" status="PASS">
          <reporter-output>
          </reporter-output>
        </test-method> <!-- generateExtentReports -->
      </class> <!-- test.BrokenURLValidationTest -->
      <class name="test.OneWayTest">
        <test-method is-config="true" signature="extentTestSetup()[pri:0, instance:test.OneWayTest@231f98ef]" started-at="2024-03-26T21:26:32 IST" name="extentTestSetup" finished-at="2024-03-26T21:26:32 IST" duration-ms="0" status="PASS">
          <reporter-output>
          </reporter-output>
        </test-method> <!-- extentTestSetup -->
        <test-method is-config="true" signature="createExtentTest()[pri:0, instance:test.OneWayTest@231f98ef]" started-at="2024-03-26T21:26:46 IST" name="createExtentTest" finished-at="2024-03-26T21:26:46 IST" duration-ms="0" status="PASS">
          <reporter-output>
          </reporter-output>
        </test-method> <!-- createExtentTest -->
        <test-method is-config="true" signature="browserLaunch(java.lang.String,java.lang.String)[pri:0, instance:test.OneWayTest@231f98ef]" started-at="2024-03-26T21:26:46 IST" name="browserLaunch" finished-at="2024-03-26T21:26:52 IST" duration-ms="6583" status="PASS">
          <params>
            <param index="0">
              <value>
                <![CDATA[Chrome]]>
              </value>
            </param>
            <param index="1">
              <value>
                <![CDATA[https://www.spicejet.com/]]>
              </value>
            </param>
          </params>
          <reporter-output>
          </reporter-output>
        </test-method> <!-- browserLaunch -->
        <test-method signature="TC_003_OneWayTest()[pri:0, instance:test.OneWayTest@231f98ef]" started-at="2024-03-26T21:26:52 IST" name="TC_003_OneWayTest" finished-at="2024-03-26T21:27:16 IST" duration-ms="23473" status="PASS">
          <reporter-output>
          </reporter-output>
        </test-method> <!-- TC_003_OneWayTest -->
        <test-method is-config="true" signature="browserClose()[pri:0, instance:test.OneWayTest@231f98ef]" started-at="2024-03-26T21:27:16 IST" name="browserClose" finished-at="2024-03-26T21:27:16 IST" duration-ms="119" status="PASS">
          <reporter-output>
          </reporter-output>
        </test-method> <!-- browserClose -->
      </class> <!-- test.OneWayTest -->
      <class name="test.HomePageMiddleTitlesTest">
        <test-method is-config="true" signature="extentTestSetup()[pri:0, instance:test.HomePageMiddleTitlesTest@31ea9581]" started-at="2024-03-26T21:26:32 IST" name="extentTestSetup" finished-at="2024-03-26T21:26:32 IST" duration-ms="0" status="PASS">
          <reporter-output>
          </reporter-output>
        </test-method> <!-- extentTestSetup -->
        <test-method is-config="true" signature="createExtentTest()[pri:0, instance:test.HomePageMiddleTitlesTest@31ea9581]" started-at="2024-03-26T21:26:39 IST" name="createExtentTest" finished-at="2024-03-26T21:26:39 IST" duration-ms="1" status="PASS">
          <reporter-output>
          </reporter-output>
        </test-method> <!-- createExtentTest -->
        <test-method is-config="true" signature="browserLaunch(java.lang.String,java.lang.String)[pri:0, instance:test.HomePageMiddleTitlesTest@31ea9581]" started-at="2024-03-26T21:26:39 IST" name="browserLaunch" finished-at="2024-03-26T21:26:45 IST" duration-ms="6246" status="PASS">
          <params>
            <param index="0">
              <value>
                <![CDATA[Chrome]]>
              </value>
            </param>
            <param index="1">
              <value>
                <![CDATA[https://www.spicejet.com/]]>
              </value>
            </param>
          </params>
          <reporter-output>
          </reporter-output>
        </test-method> <!-- browserLaunch -->
        <test-method signature="TC_002_HomePageMiddleTitlesTest()[pri:0, instance:test.HomePageMiddleTitlesTest@31ea9581]" started-at="2024-03-26T21:26:45 IST" name="TC_002_HomePageMiddleTitlesTest" finished-at="2024-03-26T21:26:45 IST" duration-ms="261" status="PASS">
          <reporter-output>
          </reporter-output>
        </test-method> <!-- TC_002_HomePageMiddleTitlesTest -->
        <test-method is-config="true" signature="browserClose()[pri:0, instance:test.HomePageMiddleTitlesTest@31ea9581]" started-at="2024-03-26T21:26:45 IST" name="browserClose" finished-at="2024-03-26T21:26:46 IST" duration-ms="242" status="PASS">
          <reporter-output>
          </reporter-output>
        </test-method> <!-- browserClose -->
      </class> <!-- test.HomePageMiddleTitlesTest -->
      <class name="test.SignInTestPositive">
        <test-method is-config="true" signature="extentTestSetup()[pri:0, instance:test.SignInTestPositive@221a3fa4]" started-at="2024-03-26T21:26:32 IST" name="extentTestSetup" finished-at="2024-03-26T21:26:32 IST" duration-ms="1" status="PASS">
          <reporter-output>
          </reporter-output>
        </test-method> <!-- extentTestSetup -->
        <test-method is-config="true" signature="createExtentTest()[pri:0, instance:test.SignInTestPositive@221a3fa4]" started-at="2024-03-26T21:28:58 IST" name="createExtentTest" finished-at="2024-03-26T21:28:58 IST" duration-ms="1" status="PASS">
          <reporter-output>
          </reporter-output>
        </test-method> <!-- createExtentTest -->
        <test-method is-config="true" signature="browserLaunch(java.lang.String,java.lang.String)[pri:0, instance:test.SignInTestPositive@221a3fa4]" started-at="2024-03-26T21:28:58 IST" name="browserLaunch" finished-at="2024-03-26T21:29:03 IST" duration-ms="5716" status="PASS">
          <params>
            <param index="0">
              <value>
                <![CDATA[Chrome]]>
              </value>
            </param>
            <param index="1">
              <value>
                <![CDATA[https://www.spicejet.com/]]>
              </value>
            </param>
          </params>
          <reporter-output>
          </reporter-output>
        </test-method> <!-- browserLaunch -->
        <test-method signature="TC_007_SignInTest_Positive()[pri:0, instance:test.SignInTestPositive@221a3fa4]" started-at="2024-03-26T21:29:03 IST" name="TC_007_SignInTest_Positive" finished-at="2024-03-26T21:29:07 IST" duration-ms="3855" status="PASS">
          <reporter-output>
          </reporter-output>
        </test-method> <!-- TC_007_SignInTest_Positive -->
        <test-method is-config="true" signature="browserClose()[pri:0, instance:test.SignInTestPositive@221a3fa4]" started-at="2024-03-26T21:29:07 IST" name="browserClose" finished-at="2024-03-26T21:29:07 IST" duration-ms="105" status="PASS">
          <reporter-output>
          </reporter-output>
        </test-method> <!-- browserClose -->
      </class> <!-- test.SignInTestPositive -->
      <class name="test.RoundTripTest">
        <test-method is-config="true" signature="extentTestSetup()[pri:0, instance:test.RoundTripTest@7c137fd5]" started-at="2024-03-26T21:26:32 IST" name="extentTestSetup" finished-at="2024-03-26T21:26:32 IST" duration-ms="0" status="PASS">
          <reporter-output>
          </reporter-output>
        </test-method> <!-- extentTestSetup -->
        <test-method is-config="true" signature="createExtentTest()[pri:0, instance:test.RoundTripTest@7c137fd5]" started-at="2024-03-26T21:27:16 IST" name="createExtentTest" finished-at="2024-03-26T21:27:16 IST" duration-ms="1" status="PASS">
          <reporter-output>
          </reporter-output>
        </test-method> <!-- createExtentTest -->
        <test-method is-config="true" signature="browserLaunch(java.lang.String,java.lang.String)[pri:0, instance:test.RoundTripTest@7c137fd5]" started-at="2024-03-26T21:27:16 IST" name="browserLaunch" finished-at="2024-03-26T21:27:22 IST" duration-ms="5972" status="PASS">
          <params>
            <param index="0">
              <value>
                <![CDATA[Chrome]]>
              </value>
            </param>
            <param index="1">
              <value>
                <![CDATA[https://www.spicejet.com/]]>
              </value>
            </param>
          </params>
          <reporter-output>
          </reporter-output>
        </test-method> <!-- browserLaunch -->
        <test-method signature="TC_004_RoundTripTest()[pri:0, instance:test.RoundTripTest@7c137fd5]" started-at="2024-03-26T21:27:22 IST" name="TC_004_RoundTripTest" finished-at="2024-03-26T21:27:48 IST" duration-ms="26171" status="PASS">
          <reporter-output>
          </reporter-output>
        </test-method> <!-- TC_004_RoundTripTest -->
        <test-method is-config="true" signature="browserClose()[pri:0, instance:test.RoundTripTest@7c137fd5]" started-at="2024-03-26T21:27:48 IST" name="browserClose" finished-at="2024-03-26T21:27:48 IST" duration-ms="185" status="PASS">
          <reporter-output>
          </reporter-output>
        </test-method> <!-- browserClose -->
      </class> <!-- test.RoundTripTest -->
      <class name="test.HomePageTopTitlesTest">
        <test-method is-config="true" signature="extentTestSetup()[pri:0, instance:test.HomePageTopTitlesTest@7d9d0818]" started-at="2024-03-26T21:26:32 IST" name="extentTestSetup" finished-at="2024-03-26T21:26:32 IST" duration-ms="0" status="PASS">
          <reporter-output>
          </reporter-output>
        </test-method> <!-- extentTestSetup -->
        <test-method is-config="true" signature="createExtentTest()[pri:0, instance:test.HomePageTopTitlesTest@7d9d0818]" started-at="2024-03-26T21:28:51 IST" name="createExtentTest" finished-at="2024-03-26T21:28:51 IST" duration-ms="0" status="PASS">
          <reporter-output>
          </reporter-output>
        </test-method> <!-- createExtentTest -->
        <test-method is-config="true" signature="browserLaunch(java.lang.String,java.lang.String)[pri:0, instance:test.HomePageTopTitlesTest@7d9d0818]" started-at="2024-03-26T21:28:51 IST" name="browserLaunch" finished-at="2024-03-26T21:28:57 IST" duration-ms="6153" status="PASS">
          <params>
            <param index="0">
              <value>
                <![CDATA[Chrome]]>
              </value>
            </param>
            <param index="1">
              <value>
                <![CDATA[https://www.spicejet.com/]]>
              </value>
            </param>
          </params>
          <reporter-output>
          </reporter-output>
        </test-method> <!-- browserLaunch -->
        <test-method signature="TC_006_HomePageTopTitlesTest()[pri:0, instance:test.HomePageTopTitlesTest@7d9d0818]" started-at="2024-03-26T21:28:57 IST" name="TC_006_HomePageTopTitlesTest" finished-at="2024-03-26T21:28:58 IST" duration-ms="289" status="PASS">
          <reporter-output>
          </reporter-output>
        </test-method> <!-- TC_006_HomePageTopTitlesTest -->
        <test-method is-config="true" signature="browserClose()[pri:0, instance:test.HomePageTopTitlesTest@7d9d0818]" started-at="2024-03-26T21:28:58 IST" name="browserClose" finished-at="2024-03-26T21:28:58 IST" duration-ms="129" status="PASS">
          <reporter-output>
          </reporter-output>
        </test-method> <!-- browserClose -->
      </class> <!-- test.HomePageTopTitlesTest -->
    </test> <!-- ChromeTest -->
  </suite> <!-- Suite -->
</testng-results>
