<?xml version="1.0" encoding="UTF-8"?>
<testng-results ignored="0" total="14" passed="14" failed="0" skipped="0">
  <reporter-output>
  </reporter-output>
  <suite started-at="2024-03-27T00:50:18 IST" name="Suite" finished-at="2024-03-27T00:53:05 IST" duration-ms="166985">
    <groups>
    </groups>
    <test started-at="2024-03-27T00:50:18 IST" name="ChromeTest" finished-at="2024-03-27T00:53:05 IST" duration-ms="166985">
      <class name="test.SignInTestNegative">
        <test-method is-config="true" signature="extentTestSetup()[pri:0, instance:test.SignInTestNegative@451001e5]" started-at="2024-03-27T00:50:18 IST" name="extentTestSetup" finished-at="2024-03-27T00:50:18 IST" duration-ms="1" status="PASS">
          <reporter-output>
          </reporter-output>
        </test-method> <!-- extentTestSetup -->
        <test-method is-config="true" signature="browserLaunch(java.lang.String,java.lang.String)[pri:0, instance:test.SignInTestNegative@451001e5]" started-at="2024-03-27T00:52:55 IST" name="browserLaunch" finished-at="2024-03-27T00:53:01 IST" duration-ms="6043" status="PASS">
          <params>
            <param index="0">
              <value>
                <![CDATA[Chrome]]>
              </value>
            </param>
            <param index="1">
              <value>
                <![CDATA[https://www.spicejet.com/]]>
              </value>
            </param>
          </params>
          <reporter-output>
          </reporter-output>
        </test-method> <!-- browserLaunch -->
        <test-method is-config="true" signature="createExtentTest()[pri:0, instance:test.SignInTestNegative@451001e5]" started-at="2024-03-27T00:52:55 IST" name="createExtentTest" finished-at="2024-03-27T00:52:55 IST" duration-ms="0" status="PASS">
          <reporter-output>
          </reporter-output>
        </test-method> <!-- createExtentTest -->
        <test-method signature="TC_008_SignInTest_Negative()[pri:0, instance:test.SignInTestNegative@451001e5]" started-at="2024-03-27T00:53:01 IST" name="TC_008_SignInTest_Negative" finished-at="2024-03-27T00:53:05 IST" duration-ms="3456" status="PASS">
          <reporter-output>
          </reporter-output>
        </test-method> <!-- TC_008_SignInTest_Negative -->
        <test-method is-config="true" signature="browserClose()[pri:0, instance:test.SignInTestNegative@451001e5]" started-at="2024-03-27T00:53:05 IST" name="browserClose" finished-at="2024-03-27T00:53:05 IST" duration-ms="121" status="PASS">
          <reporter-output>
          </reporter-output>
        </test-method> <!-- browserClose -->
      </class> <!-- test.SignInTestNegative -->
      <class name="test.LoginTest">
        <test-method is-config="true" signature="extentTestSetup()[pri:0, instance:test.LoginTest@183ec003]" started-at="2024-03-27T00:50:18 IST" name="extentTestSetup" finished-at="2024-03-27T00:50:18 IST" duration-ms="0" status="PASS">
          <reporter-output>
          </reporter-output>
        </test-method> <!-- extentTestSetup -->
        <test-method is-config="true" signature="createExtentTest()[pri:0, instance:test.LoginTest@183ec003]" started-at="2024-03-27T00:51:32 IST" name="createExtentTest" finished-at="2024-03-27T00:51:32 IST" duration-ms="0" status="PASS">
          <reporter-output>
          </reporter-output>
        </test-method> <!-- createExtentTest -->
        <test-method is-config="true" signature="browserLaunch(java.lang.String,java.lang.String)[pri:0, instance:test.LoginTest@183ec003]" started-at="2024-03-27T00:51:33 IST" name="browserLaunch" finished-at="2024-03-27T00:51:39 IST" duration-ms="6068" status="PASS">
          <params>
            <param index="0">
              <value>
                <![CDATA[Chrome]]>
              </value>
            </param>
            <param index="1">
              <value>
                <![CDATA[https://www.spicejet.com/]]>
              </value>
            </param>
          </params>
          <reporter-output>
          </reporter-output>
        </test-method> <!-- browserLaunch -->
        <test-method signature="TC_005_LoginTest(java.lang.String,java.lang.String,java.lang.String,java.lang.String)[pri:0, instance:test.LoginTest@183ec003]" started-at="2024-03-27T00:51:39 IST" name="TC_005_LoginTest" data-provider="ReadfromExcel" finished-at="2024-03-27T00:51:47 IST" duration-ms="8502" status="PASS">
          <params>
            <param index="0">
              <value>
                <![CDATA[magtestuser14@gmail.com]]>
              </value>
            </param>
            <param index="1">
              <value>
                <![CDATA[Happy@1415]]>
              </value>
            </param>
            <param index="2">
              <value>
                <![CDATA[bothCorrect]]>
              </value>
            </param>
            <param index="3">
              <value>
                <![CDATA[Positive_Con_1]]>
              </value>
            </param>
          </params>
          <reporter-output>
          </reporter-output>
        </test-method> <!-- TC_005_LoginTest -->
        <test-method is-config="true" signature="browserClose()[pri:0, instance:test.LoginTest@183ec003]" started-at="2024-03-27T00:51:47 IST" name="browserClose" finished-at="2024-03-27T00:51:48 IST" duration-ms="133" status="PASS">
          <reporter-output>
          </reporter-output>
        </test-method> <!-- browserClose -->
        <test-method is-config="true" signature="browserLaunch(java.lang.String,java.lang.String)[pri:0, instance:test.LoginTest@183ec003]" started-at="2024-03-27T00:51:48 IST" name="browserLaunch" finished-at="2024-03-27T00:51:53 IST" duration-ms="5622" status="PASS">
          <params>
            <param index="0">
              <value>
                <![CDATA[Chrome]]>
              </value>
            </param>
            <param index="1">
              <value>
                <![CDATA[https://www.spicejet.com/]]>
              </value>
            </param>
          </params>
          <reporter-output>
          </reporter-output>
        </test-method> <!-- browserLaunch -->
        <test-method signature="TC_005_LoginTest(java.lang.String,java.lang.String,java.lang.String,java.lang.String)[pri:0, instance:test.LoginTest@183ec003]" started-at="2024-03-27T00:51:53 IST" name="TC_005_LoginTest" data-provider="ReadfromExcel" finished-at="2024-03-27T00:51:57 IST" duration-ms="3458" status="PASS">
          <params>
            <param index="0">
              <value>
                <![CDATA[magtestuser14@gmail.com]]>
              </value>
            </param>
            <param index="1">
              <value>
                <![CDATA[Password123]]>
              </value>
            </param>
            <param index="2">
              <value>
                <![CDATA[wrongPassword]]>
              </value>
            </param>
            <param index="3">
              <value>
                <![CDATA[Positive_Con_2]]>
              </value>
            </param>
          </params>
          <reporter-output>
          </reporter-output>
        </test-method> <!-- TC_005_LoginTest -->
        <test-method is-config="true" signature="browserClose()[pri:0, instance:test.LoginTest@183ec003]" started-at="2024-03-27T00:51:57 IST" name="browserClose" finished-at="2024-03-27T00:51:57 IST" duration-ms="135" status="PASS">
          <reporter-output>
          </reporter-output>
        </test-method> <!-- browserClose -->
        <test-method is-config="true" signature="browserLaunch(java.lang.String,java.lang.String)[pri:0, instance:test.LoginTest@183ec003]" started-at="2024-03-27T00:51:57 IST" name="browserLaunch" finished-at="2024-03-27T00:52:03 IST" duration-ms="5914" status="PASS">
          <params>
            <param index="0">
              <value>
                <![CDATA[Chrome]]>
              </value>
            </param>
            <param index="1">
              <value>
                <![CDATA[https://www.spicejet.com/]]>
              </value>
            </param>
          </params>
          <reporter-output>
          </reporter-output>
        </test-method> <!-- browserLaunch -->
        <test-method signature="TC_005_LoginTest(java.lang.String,java.lang.String,java.lang.String,java.lang.String)[pri:0, instance:test.LoginTest@183ec003]" started-at="2024-03-27T00:52:03 IST" name="TC_005_LoginTest" data-provider="ReadfromExcel" finished-at="2024-03-27T00:52:06 IST" duration-ms="3149" status="PASS">
          <params>
            <param index="0">
              <value>
                <![CDATA[magtestuser156@gmail.com]]>
              </value>
            </param>
            <param index="1">
              <value>
                <![CDATA[Happy@1415]]>
              </value>
            </param>
            <param index="2">
              <value>
                <![CDATA[wrongUsername]]>
              </value>
            </param>
            <param index="3">
              <value>
                <![CDATA[Positive_Con_3]]>
              </value>
            </param>
          </params>
          <reporter-output>
          </reporter-output>
        </test-method> <!-- TC_005_LoginTest -->
        <test-method is-config="true" signature="browserClose()[pri:0, instance:test.LoginTest@183ec003]" started-at="2024-03-27T00:52:06 IST" name="browserClose" finished-at="2024-03-27T00:52:06 IST" duration-ms="275" status="PASS">
          <reporter-output>
          </reporter-output>
        </test-method> <!-- browserClose -->
        <test-method is-config="true" signature="browserLaunch(java.lang.String,java.lang.String)[pri:0, instance:test.LoginTest@183ec003]" started-at="2024-03-27T00:52:06 IST" name="browserLaunch" finished-at="2024-03-27T00:52:12 IST" duration-ms="5656" status="PASS">
          <params>
            <param index="0">
              <value>
                <![CDATA[Chrome]]>
              </value>
            </param>
            <param index="1">
              <value>
                <![CDATA[https://www.spicejet.com/]]>
              </value>
            </param>
          </params>
          <reporter-output>
          </reporter-output>
        </test-method> <!-- browserLaunch -->
        <test-method signature="TC_005_LoginTest(java.lang.String,java.lang.String,java.lang.String,java.lang.String)[pri:0, instance:test.LoginTest@183ec003]" started-at="2024-03-27T00:52:12 IST" name="TC_005_LoginTest" data-provider="ReadfromExcel" finished-at="2024-03-27T00:52:15 IST" duration-ms="3296" status="PASS">
          <params>
            <param index="0">
              <value>
                <![CDATA[magtestuser156@gmail.com]]>
              </value>
            </param>
            <param index="1">
              <value>
                <![CDATA[Password123]]>
              </value>
            </param>
            <param index="2">
              <value>
                <![CDATA[bothWrong]]>
              </value>
            </param>
            <param index="3">
              <value>
                <![CDATA[Positive_Con_4]]>
              </value>
            </param>
          </params>
          <reporter-output>
          </reporter-output>
        </test-method> <!-- TC_005_LoginTest -->
        <test-method is-config="true" signature="browserClose()[pri:0, instance:test.LoginTest@183ec003]" started-at="2024-03-27T00:52:15 IST" name="browserClose" finished-at="2024-03-27T00:52:15 IST" duration-ms="124" status="PASS">
          <reporter-output>
          </reporter-output>
        </test-method> <!-- browserClose -->
        <test-method is-config="true" signature="browserLaunch(java.lang.String,java.lang.String)[pri:0, instance:test.LoginTest@183ec003]" started-at="2024-03-27T00:52:15 IST" name="browserLaunch" finished-at="2024-03-27T00:52:22 IST" duration-ms="6801" status="PASS">
          <params>
            <param index="0">
              <value>
                <![CDATA[Chrome]]>
              </value>
            </param>
            <param index="1">
              <value>
                <![CDATA[https://www.spicejet.com/]]>
              </value>
            </param>
          </params>
          <reporter-output>
          </reporter-output>
        </test-method> <!-- browserLaunch -->
        <test-method signature="TC_005_LoginTest(java.lang.String,java.lang.String,java.lang.String,java.lang.String)[pri:0, instance:test.LoginTest@183ec003]" started-at="2024-03-27T00:52:22 IST" name="TC_005_LoginTest" data-provider="ReadfromExcel" finished-at="2024-03-27T00:52:24 IST" duration-ms="2278" status="PASS">
          <params>
            <param index="0">
              <value>
                <![CDATA[]]>
              </value>
            </param>
            <param index="1">
              <value>
                <![CDATA[Happy@1415]]>
              </value>
            </param>
            <param index="2">
              <value>
                <![CDATA[emptyMailID]]>
              </value>
            </param>
            <param index="3">
              <value>
                <![CDATA[Negative_Con_1]]>
              </value>
            </param>
          </params>
          <reporter-output>
          </reporter-output>
        </test-method> <!-- TC_005_LoginTest -->
        <test-method is-config="true" signature="browserClose()[pri:0, instance:test.LoginTest@183ec003]" started-at="2024-03-27T00:52:24 IST" name="browserClose" finished-at="2024-03-27T00:52:24 IST" duration-ms="181" status="PASS">
          <reporter-output>
          </reporter-output>
        </test-method> <!-- browserClose -->
        <test-method is-config="true" signature="browserLaunch(java.lang.String,java.lang.String)[pri:0, instance:test.LoginTest@183ec003]" started-at="2024-03-27T00:52:24 IST" name="browserLaunch" finished-at="2024-03-27T00:52:30 IST" duration-ms="5779" status="PASS">
          <params>
            <param index="0">
              <value>
                <![CDATA[Chrome]]>
              </value>
            </param>
            <param index="1">
              <value>
                <![CDATA[https://www.spicejet.com/]]>
              </value>
            </param>
          </params>
          <reporter-output>
          </reporter-output>
        </test-method> <!-- browserLaunch -->
        <test-method signature="TC_005_LoginTest(java.lang.String,java.lang.String,java.lang.String,java.lang.String)[pri:0, instance:test.LoginTest@183ec003]" started-at="2024-03-27T00:52:30 IST" name="TC_005_LoginTest" data-provider="ReadfromExcel" finished-at="2024-03-27T00:52:32 IST" duration-ms="1546" status="PASS">
          <params>
            <param index="0">
              <value>
                <![CDATA[magtestuser14@gmail.com]]>
              </value>
            </param>
            <param index="1">
              <value>
                <![CDATA[]]>
              </value>
            </param>
            <param index="2">
              <value>
                <![CDATA[emptyPassword]]>
              </value>
            </param>
            <param index="3">
              <value>
                <![CDATA[Negative_Con_2]]>
              </value>
            </param>
          </params>
          <reporter-output>
          </reporter-output>
        </test-method> <!-- TC_005_LoginTest -->
        <test-method is-config="true" signature="browserClose()[pri:0, instance:test.LoginTest@183ec003]" started-at="2024-03-27T00:52:32 IST" name="browserClose" finished-at="2024-03-27T00:52:32 IST" duration-ms="122" status="PASS">
          <reporter-output>
          </reporter-output>
        </test-method> <!-- browserClose -->
        <test-method is-config="true" signature="browserLaunch(java.lang.String,java.lang.String)[pri:0, instance:test.LoginTest@183ec003]" started-at="2024-03-27T00:52:32 IST" name="browserLaunch" finished-at="2024-03-27T00:52:38 IST" duration-ms="5671" status="PASS">
          <params>
            <param index="0">
              <value>
                <![CDATA[Chrome]]>
              </value>
            </param>
            <param index="1">
              <value>
                <![CDATA[https://www.spicejet.com/]]>
              </value>
            </param>
          </params>
          <reporter-output>
          </reporter-output>
        </test-method> <!-- browserLaunch -->
        <test-method signature="TC_005_LoginTest(java.lang.String,java.lang.String,java.lang.String,java.lang.String)[pri:0, instance:test.LoginTest@183ec003]" started-at="2024-03-27T00:52:38 IST" name="TC_005_LoginTest" data-provider="ReadfromExcel" finished-at="2024-03-27T00:52:39 IST" duration-ms="1367" status="PASS">
          <params>
            <param index="0">
              <value>
                <![CDATA[]]>
              </value>
            </param>
            <param index="1">
              <value>
                <![CDATA[]]>
              </value>
            </param>
            <param index="2">
              <value>
                <![CDATA[bothEmpty]]>
              </value>
            </param>
            <param index="3">
              <value>
                <![CDATA[Negative_Con_3]]>
              </value>
            </param>
          </params>
          <reporter-output>
          </reporter-output>
        </test-method> <!-- TC_005_LoginTest -->
        <test-method is-config="true" signature="browserClose()[pri:0, instance:test.LoginTest@183ec003]" started-at="2024-03-27T00:52:39 IST" name="browserClose" finished-at="2024-03-27T00:52:39 IST" duration-ms="129" status="PASS">
          <reporter-output>
          </reporter-output>
        </test-method> <!-- browserClose -->
      </class> <!-- test.LoginTest -->
      <class name="test.BrokenURLValidationTest">
        <test-method is-config="true" signature="reportInitialisation()[pri:0, instance:test.BrokenURLValidationTest@7ce69770]" started-at="2024-03-27T00:50:18 IST" name="reportInitialisation" finished-at="2024-03-27T00:50:18 IST" duration-ms="202" status="PASS">
          <reporter-output>
          </reporter-output>
        </test-method> <!-- reportInitialisation -->
        <test-method is-config="true" signature="fileSetup()[pri:0, instance:test.BrokenURLValidationTest@7ce69770]" started-at="2024-03-27T00:50:18 IST" name="fileSetup" finished-at="2024-03-27T00:50:18 IST" duration-ms="0" status="PASS">
          <reporter-output>
          </reporter-output>
        </test-method> <!-- fileSetup -->
        <test-method is-config="true" signature="createExtentTest()[pri:0, instance:test.BrokenURLValidationTest@7ce69770]" started-at="2024-03-27T00:50:18 IST" name="createExtentTest" finished-at="2024-03-27T00:50:18 IST" duration-ms="5" status="PASS">
          <reporter-output>
          </reporter-output>
        </test-method> <!-- createExtentTest -->
        <test-method is-config="true" signature="browserLaunch(java.lang.String,java.lang.String)[pri:0, instance:test.BrokenURLValidationTest@7ce69770]" started-at="2024-03-27T00:50:18 IST" name="browserLaunch" finished-at="2024-03-27T00:50:26 IST" duration-ms="7631" status="PASS">
          <params>
            <param index="0">
              <value>
                <![CDATA[Chrome]]>
              </value>
            </param>
            <param index="1">
              <value>
                <![CDATA[https://www.spicejet.com/]]>
              </value>
            </param>
          </params>
          <reporter-output>
          </reporter-output>
        </test-method> <!-- browserLaunch -->
        <test-method signature="TC_001_URLValidation(java.lang.String)[pri:0, instance:test.BrokenURLValidationTest@7ce69770]" started-at="2024-03-27T00:50:26 IST" name="TC_001_URLValidation" finished-at="2024-03-27T00:50:26 IST" duration-ms="458" status="PASS">
          <params>
            <param index="0">
              <value>
                <![CDATA[https://www.spicejet.com/]]>
              </value>
            </param>
          </params>
          <reporter-output>
          </reporter-output>
        </test-method> <!-- TC_001_URLValidation -->
        <test-method is-config="true" signature="browserClose()[pri:0, instance:test.BrokenURLValidationTest@7ce69770]" started-at="2024-03-27T00:50:26 IST" name="browserClose" finished-at="2024-03-27T00:50:26 IST" duration-ms="136" status="PASS">
          <reporter-output>
          </reporter-output>
        </test-method> <!-- browserClose -->
        <test-method is-config="true" signature="generateExtentReports()[pri:0, instance:test.BrokenURLValidationTest@7ce69770]" started-at="2024-03-27T00:53:05 IST" name="generateExtentReports" finished-at="2024-03-27T00:53:05 IST" duration-ms="250" status="PASS">
          <reporter-output>
          </reporter-output>
        </test-method> <!-- generateExtentReports -->
      </class> <!-- test.BrokenURLValidationTest -->
      <class name="test.OneWayTest">
        <test-method is-config="true" signature="extentTestSetup()[pri:0, instance:test.OneWayTest@231f98ef]" started-at="2024-03-27T00:50:18 IST" name="extentTestSetup" finished-at="2024-03-27T00:50:18 IST" duration-ms="0" status="PASS">
          <reporter-output>
          </reporter-output>
        </test-method> <!-- extentTestSetup -->
        <test-method is-config="true" signature="createExtentTest()[pri:0, instance:test.OneWayTest@231f98ef]" started-at="2024-03-27T00:50:33 IST" name="createExtentTest" finished-at="2024-03-27T00:50:33 IST" duration-ms="1" status="PASS">
          <reporter-output>
          </reporter-output>
        </test-method> <!-- createExtentTest -->
        <test-method is-config="true" signature="browserLaunch(java.lang.String,java.lang.String)[pri:0, instance:test.OneWayTest@231f98ef]" started-at="2024-03-27T00:50:33 IST" name="browserLaunch" finished-at="2024-03-27T00:50:38 IST" duration-ms="5450" status="PASS">
          <params>
            <param index="0">
              <value>
                <![CDATA[Chrome]]>
              </value>
            </param>
            <param index="1">
              <value>
                <![CDATA[https://www.spicejet.com/]]>
              </value>
            </param>
          </params>
          <reporter-output>
          </reporter-output>
        </test-method> <!-- browserLaunch -->
        <test-method signature="TC_003_OneWayTest()[pri:0, instance:test.OneWayTest@231f98ef]" started-at="2024-03-27T00:50:38 IST" name="TC_003_OneWayTest" finished-at="2024-03-27T00:51:02 IST" duration-ms="24111" status="PASS">
          <reporter-output>
          </reporter-output>
        </test-method> <!-- TC_003_OneWayTest -->
        <test-method is-config="true" signature="browserClose()[pri:0, instance:test.OneWayTest@231f98ef]" started-at="2024-03-27T00:51:02 IST" name="browserClose" finished-at="2024-03-27T00:51:02 IST" duration-ms="141" status="PASS">
          <reporter-output>
          </reporter-output>
        </test-method> <!-- browserClose -->
      </class> <!-- test.OneWayTest -->
      <class name="test.HomePageMiddleTitlesTest">
        <test-method is-config="true" signature="extentTestSetup()[pri:0, instance:test.HomePageMiddleTitlesTest@31ea9581]" started-at="2024-03-27T00:50:18 IST" name="extentTestSetup" finished-at="2024-03-27T00:50:18 IST" duration-ms="0" status="PASS">
          <reporter-output>
          </reporter-output>
        </test-method> <!-- extentTestSetup -->
        <test-method is-config="true" signature="createExtentTest()[pri:0, instance:test.HomePageMiddleTitlesTest@31ea9581]" started-at="2024-03-27T00:50:26 IST" name="createExtentTest" finished-at="2024-03-27T00:50:26 IST" duration-ms="1" status="PASS">
          <reporter-output>
          </reporter-output>
        </test-method> <!-- createExtentTest -->
        <test-method is-config="true" signature="browserLaunch(java.lang.String,java.lang.String)[pri:0, instance:test.HomePageMiddleTitlesTest@31ea9581]" started-at="2024-03-27T00:50:26 IST" name="browserLaunch" finished-at="2024-03-27T00:50:32 IST" duration-ms="6037" status="PASS">
          <params>
            <param index="0">
              <value>
                <![CDATA[Chrome]]>
              </value>
            </param>
            <param index="1">
              <value>
                <![CDATA[https://www.spicejet.com/]]>
              </value>
            </param>
          </params>
          <reporter-output>
          </reporter-output>
        </test-method> <!-- browserLaunch -->
        <test-method signature="TC_002_HomePageMiddleTitlesTest()[pri:0, instance:test.HomePageMiddleTitlesTest@31ea9581]" started-at="2024-03-27T00:50:32 IST" name="TC_002_HomePageMiddleTitlesTest" finished-at="2024-03-27T00:50:32 IST" duration-ms="163" status="PASS">
          <reporter-output>
          </reporter-output>
        </test-method> <!-- TC_002_HomePageMiddleTitlesTest -->
        <test-method is-config="true" signature="browserClose()[pri:0, instance:test.HomePageMiddleTitlesTest@31ea9581]" started-at="2024-03-27T00:50:32 IST" name="browserClose" finished-at="2024-03-27T00:50:33 IST" duration-ms="141" status="PASS">
          <reporter-output>
          </reporter-output>
        </test-method> <!-- browserClose -->
      </class> <!-- test.HomePageMiddleTitlesTest -->
      <class name="test.SignInTestPositive">
        <test-method is-config="true" signature="extentTestSetup()[pri:0, instance:test.SignInTestPositive@221a3fa4]" started-at="2024-03-27T00:50:18 IST" name="extentTestSetup" finished-at="2024-03-27T00:50:18 IST" duration-ms="0" status="PASS">
          <reporter-output>
          </reporter-output>
        </test-method> <!-- extentTestSetup -->
        <test-method is-config="true" signature="createExtentTest()[pri:0, instance:test.SignInTestPositive@221a3fa4]" started-at="2024-03-27T00:52:45 IST" name="createExtentTest" finished-at="2024-03-27T00:52:45 IST" duration-ms="0" status="PASS">
          <reporter-output>
          </reporter-output>
        </test-method> <!-- createExtentTest -->
        <test-method is-config="true" signature="browserLaunch(java.lang.String,java.lang.String)[pri:0, instance:test.SignInTestPositive@221a3fa4]" started-at="2024-03-27T00:52:45 IST" name="browserLaunch" finished-at="2024-03-27T00:52:51 IST" duration-ms="5851" status="PASS">
          <params>
            <param index="0">
              <value>
                <![CDATA[Chrome]]>
              </value>
            </param>
            <param index="1">
              <value>
                <![CDATA[https://www.spicejet.com/]]>
              </value>
            </param>
          </params>
          <reporter-output>
          </reporter-output>
        </test-method> <!-- browserLaunch -->
        <test-method signature="TC_007_SignInTest_Positive()[pri:0, instance:test.SignInTestPositive@221a3fa4]" started-at="2024-03-27T00:52:51 IST" name="TC_007_SignInTest_Positive" finished-at="2024-03-27T00:52:55 IST" duration-ms="4215" status="PASS">
          <reporter-output>
          </reporter-output>
        </test-method> <!-- TC_007_SignInTest_Positive -->
        <test-method is-config="true" signature="browserClose()[pri:0, instance:test.SignInTestPositive@221a3fa4]" started-at="2024-03-27T00:52:55 IST" name="browserClose" finished-at="2024-03-27T00:52:55 IST" duration-ms="90" status="PASS">
          <reporter-output>
          </reporter-output>
        </test-method> <!-- browserClose -->
      </class> <!-- test.SignInTestPositive -->
      <class name="test.RoundTripTest">
        <test-method is-config="true" signature="extentTestSetup()[pri:0, instance:test.RoundTripTest@7c137fd5]" started-at="2024-03-27T00:50:18 IST" name="extentTestSetup" finished-at="2024-03-27T00:50:18 IST" duration-ms="0" status="PASS">
          <reporter-output>
          </reporter-output>
        </test-method> <!-- extentTestSetup -->
        <test-method is-config="true" signature="createExtentTest()[pri:0, instance:test.RoundTripTest@7c137fd5]" started-at="2024-03-27T00:51:02 IST" name="createExtentTest" finished-at="2024-03-27T00:51:02 IST" duration-ms="0" status="PASS">
          <reporter-output>
          </reporter-output>
        </test-method> <!-- createExtentTest -->
        <test-method is-config="true" signature="browserLaunch(java.lang.String,java.lang.String)[pri:0, instance:test.RoundTripTest@7c137fd5]" started-at="2024-03-27T00:51:02 IST" name="browserLaunch" finished-at="2024-03-27T00:51:08 IST" duration-ms="5659" status="PASS">
          <params>
            <param index="0">
              <value>
                <![CDATA[Chrome]]>
              </value>
            </param>
            <param index="1">
              <value>
                <![CDATA[https://www.spicejet.com/]]>
              </value>
            </param>
          </params>
          <reporter-output>
          </reporter-output>
        </test-method> <!-- browserLaunch -->
        <test-method signature="TC_004_RoundTripTest()[pri:0, instance:test.RoundTripTest@7c137fd5]" started-at="2024-03-27T00:51:08 IST" name="TC_004_RoundTripTest" finished-at="2024-03-27T00:51:32 IST" duration-ms="24012" status="PASS">
          <reporter-output>
          </reporter-output>
        </test-method> <!-- TC_004_RoundTripTest -->
        <test-method is-config="true" signature="browserClose()[pri:0, instance:test.RoundTripTest@7c137fd5]" started-at="2024-03-27T00:51:32 IST" name="browserClose" finished-at="2024-03-27T00:51:32 IST" duration-ms="190" status="PASS">
          <reporter-output>
          </reporter-output>
        </test-method> <!-- browserClose -->
      </class> <!-- test.RoundTripTest -->
      <class name="test.HomePageTopTitlesTest">
        <test-method is-config="true" signature="extentTestSetup()[pri:0, instance:test.HomePageTopTitlesTest@7d9d0818]" started-at="2024-03-27T00:50:18 IST" name="extentTestSetup" finished-at="2024-03-27T00:50:18 IST" duration-ms="1" status="PASS">
          <reporter-output>
          </reporter-output>
        </test-method> <!-- extentTestSetup -->
        <test-method is-config="true" signature="createExtentTest()[pri:0, instance:test.HomePageTopTitlesTest@7d9d0818]" started-at="2024-03-27T00:52:39 IST" name="createExtentTest" finished-at="2024-03-27T00:52:39 IST" duration-ms="1" status="PASS">
          <reporter-output>
          </reporter-output>
        </test-method> <!-- createExtentTest -->
        <test-method is-config="true" signature="browserLaunch(java.lang.String,java.lang.String)[pri:0, instance:test.HomePageTopTitlesTest@7d9d0818]" started-at="2024-03-27T00:52:39 IST" name="browserLaunch" finished-at="2024-03-27T00:52:45 IST" duration-ms="5807" status="PASS">
          <params>
            <param index="0">
              <value>
                <![CDATA[Chrome]]>
              </value>
            </param>
            <param index="1">
              <value>
                <![CDATA[https://www.spicejet.com/]]>
              </value>
            </param>
          </params>
          <reporter-output>
          </reporter-output>
        </test-method> <!-- browserLaunch -->
        <test-method signature="TC_006_HomePageTopTitlesTest()[pri:0, instance:test.HomePageTopTitlesTest@7d9d0818]" started-at="2024-03-27T00:52:45 IST" name="TC_006_HomePageTopTitlesTest" finished-at="2024-03-27T00:52:45 IST" duration-ms="277" status="PASS">
          <reporter-output>
          </reporter-output>
        </test-method> <!-- TC_006_HomePageTopTitlesTest -->
        <test-method is-config="true" signature="browserClose()[pri:0, instance:test.HomePageTopTitlesTest@7d9d0818]" started-at="2024-03-27T00:52:45 IST" name="browserClose" finished-at="2024-03-27T00:52:45 IST" duration-ms="121" status="PASS">
          <reporter-output>
          </reporter-output>
        </test-method> <!-- browserClose -->
      </class> <!-- test.HomePageTopTitlesTest -->
    </test> <!-- ChromeTest -->
  </suite> <!-- Suite -->
</testng-results>
